<?xml version="1.0" encoding="UTF-8"?>
<testsuites name="TS - Transaction" time="216.263" tests="12" failures="1" errors="0">
   <testsuite name="TS - Transaction" tests="12" failures="1" errors="0" time="216.263" skipped="0" timestamp="2024-07-25 07:48:30" hostname="rutheeaaa - LAPTOP-I306I5S3" id="Test Suites/Transaction/TS - Transaction">
      <properties>
         <property name="deviceName" value=""/>
         <property name="devicePlatform" value=""/>
         <property name="logFolder" value="C:\\Users\\lenovo\\git\\sauce-demo-katalon\\Reports\\20240725_074828\\Transaction\\TS - Transaction\\20240725_074828"/>
         <property name="logFiles" value="C:\\Users\\lenovo\\git\\sauce-demo-katalon\\Reports\\20240725_074828\\Transaction\\TS - Transaction\\20240725_074828\\execution0.log"/>
         <property name="attachments" value="C:\\Users\\lenovo\\git\\sauce-demo-katalon\\Reports\\20240725_074828\\Transaction\\TS - Transaction\\20240725_074828\\1721868518398.png, C:\\Users\\lenovo\\git\\sauce-demo-katalon\\Reports\\20240725_074828\\Transaction\\TS - Transaction\\20240725_074828\\1721868522599.png, C:\\Users\\lenovo\\git\\sauce-demo-katalon\\Reports\\20240725_074828\\Transaction\\TS - Transaction\\20240725_074828\\1721868531550.png, C:\\Users\\lenovo\\git\\sauce-demo-katalon\\Reports\\20240725_074828\\Transaction\\TS - Transaction\\20240725_074828\\1721868533714.png, C:\\Users\\lenovo\\git\\sauce-demo-katalon\\Reports\\20240725_074828\\Transaction\\TS - Transaction\\20240725_074828\\1721868544471.png, C:\\Users\\lenovo\\git\\sauce-demo-katalon\\Reports\\20240725_074828\\Transaction\\TS - Transaction\\20240725_074828\\1721868547282.png, C:\\Users\\lenovo\\git\\sauce-demo-katalon\\Reports\\20240725_074828\\Transaction\\TS - Transaction\\20240725_074828\\1721868551635.png, C:\\Users\\lenovo\\git\\sauce-demo-katalon\\Reports\\20240725_074828\\Transaction\\TS - Transaction\\20240725_074828\\1721868561847.png, C:\\Users\\lenovo\\git\\sauce-demo-katalon\\Reports\\20240725_074828\\Transaction\\TS - Transaction\\20240725_074828\\1721868564710.png, C:\\Users\\lenovo\\git\\sauce-demo-katalon\\Reports\\20240725_074828\\Transaction\\TS - Transaction\\20240725_074828\\1721868567734.png, C:\\Users\\lenovo\\git\\sauce-demo-katalon\\Reports\\20240725_074828\\Transaction\\TS - Transaction\\20240725_074828\\1721868571597.png, C:\\Users\\lenovo\\git\\sauce-demo-katalon\\Reports\\20240725_074828\\Transaction\\TS - Transaction\\20240725_074828\\1721868579373.png, C:\\Users\\lenovo\\git\\sauce-demo-katalon\\Reports\\20240725_074828\\Transaction\\TS - Transaction\\20240725_074828\\1721868581601.png, C:\\Users\\lenovo\\git\\sauce-demo-katalon\\Reports\\20240725_074828\\Transaction\\TS - Transaction\\20240725_074828\\1721868591159.png, C:\\Users\\lenovo\\git\\sauce-demo-katalon\\Reports\\20240725_074828\\Transaction\\TS - Transaction\\20240725_074828\\1721868593363.png, C:\\Users\\lenovo\\git\\sauce-demo-katalon\\Reports\\20240725_074828\\Transaction\\TS - Transaction\\20240725_074828\\1721868596409.png, C:\\Users\\lenovo\\git\\sauce-demo-katalon\\Reports\\20240725_074828\\Transaction\\TS - Transaction\\20240725_074828\\1721868597747.png, C:\\Users\\lenovo\\git\\sauce-demo-katalon\\Reports\\20240725_074828\\Transaction\\TS - Transaction\\20240725_074828\\1721868600531.png, C:\\Users\\lenovo\\git\\sauce-demo-katalon\\Reports\\20240725_074828\\Transaction\\TS - Transaction\\20240725_074828\\1721868600668.png, C:\\Users\\lenovo\\git\\sauce-demo-katalon\\Reports\\20240725_074828\\Transaction\\TS - Transaction\\20240725_074828\\1721868608559.png, C:\\Users\\lenovo\\git\\sauce-demo-katalon\\Reports\\20240725_074828\\Transaction\\TS - Transaction\\20240725_074828\\1721868610779.png, C:\\Users\\lenovo\\git\\sauce-demo-katalon\\Reports\\20240725_074828\\Transaction\\TS - Transaction\\20240725_074828\\1721868612907.png, C:\\Users\\lenovo\\git\\sauce-demo-katalon\\Reports\\20240725_074828\\Transaction\\TS - Transaction\\20240725_074828\\1721868619358.png, C:\\Users\\lenovo\\git\\sauce-demo-katalon\\Reports\\20240725_074828\\Transaction\\TS - Transaction\\20240725_074828\\1721868628124.png, C:\\Users\\lenovo\\git\\sauce-demo-katalon\\Reports\\20240725_074828\\Transaction\\TS - Transaction\\20240725_074828\\1721868630207.png, C:\\Users\\lenovo\\git\\sauce-demo-katalon\\Reports\\20240725_074828\\Transaction\\TS - Transaction\\20240725_074828\\1721868632389.png, C:\\Users\\lenovo\\git\\sauce-demo-katalon\\Reports\\20240725_074828\\Transaction\\TS - Transaction\\20240725_074828\\1721868640117.png, C:\\Users\\lenovo\\git\\sauce-demo-katalon\\Reports\\20240725_074828\\Transaction\\TS - Transaction\\20240725_074828\\1721868648090.png, C:\\Users\\lenovo\\git\\sauce-demo-katalon\\Reports\\20240725_074828\\Transaction\\TS - Transaction\\20240725_074828\\1721868650421.png, C:\\Users\\lenovo\\git\\sauce-demo-katalon\\Reports\\20240725_074828\\Transaction\\TS - Transaction\\20240725_074828\\1721868652574.png, C:\\Users\\lenovo\\git\\sauce-demo-katalon\\Reports\\20240725_074828\\Transaction\\TS - Transaction\\20240725_074828\\1721868659910.png, C:\\Users\\lenovo\\git\\sauce-demo-katalon\\Reports\\20240725_074828\\Transaction\\TS - Transaction\\20240725_074828\\1721868667547.png, C:\\Users\\lenovo\\git\\sauce-demo-katalon\\Reports\\20240725_074828\\Transaction\\TS - Transaction\\20240725_074828\\1721868670321.png, C:\\Users\\lenovo\\git\\sauce-demo-katalon\\Reports\\20240725_074828\\Transaction\\TS - Transaction\\20240725_074828\\1721868672961.png, C:\\Users\\lenovo\\git\\sauce-demo-katalon\\Reports\\20240725_074828\\Transaction\\TS - Transaction\\20240725_074828\\1721868680651.png, C:\\Users\\lenovo\\git\\sauce-demo-katalon\\Reports\\20240725_074828\\Transaction\\TS - Transaction\\20240725_074828\\1721868689363.png, C:\\Users\\lenovo\\git\\sauce-demo-katalon\\Reports\\20240725_074828\\Transaction\\TS - Transaction\\20240725_074828\\1721868692216.png, C:\\Users\\lenovo\\git\\sauce-demo-katalon\\Reports\\20240725_074828\\Transaction\\TS - Transaction\\20240725_074828\\1721868694859.png, C:\\Users\\lenovo\\git\\sauce-demo-katalon\\Reports\\20240725_074828\\Transaction\\TS - Transaction\\20240725_074828\\1721868701061.png, C:\\Users\\lenovo\\git\\sauce-demo-katalon\\Reports\\20240725_074828\\Transaction\\TS - Transaction\\20240725_074828\\1721868701986.png, C:\\Users\\lenovo\\git\\sauce-demo-katalon\\Reports\\20240725_074828\\Transaction\\TS - Transaction\\20240725_074828\\1721868710011.png, C:\\Users\\lenovo\\git\\sauce-demo-katalon\\Reports\\20240725_074828\\Transaction\\TS - Transaction\\20240725_074828\\1721868712777.png, C:\\Users\\lenovo\\git\\sauce-demo-katalon\\Reports\\20240725_074828\\Transaction\\TS - Transaction\\20240725_074828\\1721868715341.png, C:\\Users\\lenovo\\git\\sauce-demo-katalon\\Reports\\20240725_074828\\Transaction\\TS - Transaction\\20240725_074828\\1721868721873.png, C:\\Users\\lenovo\\git\\sauce-demo-katalon\\Reports\\20240725_074828\\Transaction\\TS - Transaction\\20240725_074828\\1721868724104.png, C:\\Users\\lenovo\\git\\sauce-demo-katalon\\Reports\\20240725_074828\\Transaction\\TS - Transaction\\20240725_074828\\1721868725891.png"/>
         <property name="hostName" value="rutheeaaa - LAPTOP-I306I5S3"/>
         <property name="os" value="Windows 11 64bit"/>
         <property name="katalonVersion" value="8.6.9.208"/>
         <property name="browser" value="Chrome 126.0.0.0"/>
         <property name="hostAddress" value="192.168.31.97"/>
         <property name="sessionId" value="df9b050bc10177e723e98edaa3efef7f"/>
         <property name="seleniumVersion" value="3.141.59"/>
         <property name="proxyInformation" value="ProxyInformation { proxyOption=NO_PROXY, proxyServerType=HTTP, username=, password=********, proxyServerAddress=, proxyServerPort=0, executionList=&quot;&quot;, isApplyToDesiredCapabilities=true }"/>
         <property name="platform" value="Windows 11"/>
      </properties>
      <testcase name="Test Cases/Transaction/T01 - Pick Product From Detail Product Page" time="13.215" classname="Test Cases/Transaction/T01 - Pick Product From Detail Product Page" status="PASSED">
         <system-out><![CDATA[2024-07-25 07:48:30 - [TEST_CASE][PASSED] - Test Cases/Transaction/T01 - Pick Product From Detail Product Page: Test Cases/Transaction/T01 - Pick Product From Detail Product Page

2024-07-25 07:48:30 - [TEST_STEP][PASSED] - callTestCase(findTestCase("Login/L01 - Login Success"), ["username":"standard_user", "password":"secret_sauce"], STOP_ON_FAILURE): Call Test Case 'Test Cases/Login/L01 - Login Success' successfully

2024-07-25 07:48:30 - [TEST_CASE][PASSED] - Test Cases/Login/L01 - Login Success: Test Cases/Login/L01 - Login Success

2024-07-25 07:48:31 - [TEST_STEP][PASSED] - openBrowser(""): Browser is opened with url: ''

2024-07-25 07:48:31 - [MESSAGE][INFO] - Starting 'Chrome' driver

2024-07-25 07:48:31 - [MESSAGE][INFO] - Action delay is set to 0 milliseconds

2024-07-25 07:48:33 - [MESSAGE][PASSED] - Browser is opened with url: ''

2024-07-25 07:48:33 - [TEST_STEP][PASSED] - navigateToUrl("https://www.saucedemo.com/"): Navigate to 'https://www.saucedemo.com/' successfully

2024-07-25 07:48:33 - [MESSAGE][PASSED] - Navigate to 'https://www.saucedemo.com/' successfully

2024-07-25 07:48:33 - [TEST_STEP][PASSED] - maximizeWindow(): Current window maximized

2024-07-25 07:48:33 - [MESSAGE][PASSED] - Current window maximized

2024-07-25 07:48:33 - [TEST_STEP][PASSED] - setText(findTestObject("Object Repository/Login-Page/input_username"), username): Text 'standard_user' is set on object 'Object Repository/Login-Page/input_username'

2024-07-25 07:48:36 - [MESSAGE][PASSED] - Text 'standard_user' is set on object 'Object Repository/Login-Page/input_username'

2024-07-25 07:48:36 - [TEST_STEP][PASSED] - setText(findTestObject("Object Repository/Login-Page/input_password"), password): Text 'secret_sauce' is set on object 'Object Repository/Login-Page/input_password'

2024-07-25 07:48:37 - [MESSAGE][PASSED] - Text 'secret_sauce' is set on object 'Object Repository/Login-Page/input_password'

2024-07-25 07:48:37 - [TEST_STEP][PASSED] - click(findTestObject("Object Repository/Login-Page/login-button")): Object: 'Object Repository/Login-Page/login-button' is clicked on

2024-07-25 07:48:37 - [MESSAGE][PASSED] - Object: 'Object Repository/Login-Page/login-button' is clicked on

2024-07-25 07:48:37 - [TEST_STEP][PASSED] - verifyElementVisible(findTestObject("Login-Page/header_logo")): Object 'Object Repository/Login-Page/header_logo' is visible

2024-07-25 07:48:38 - [MESSAGE][PASSED] - Object 'Object Repository/Login-Page/header_logo' is visible

2024-07-25 07:48:38 - [TEST_STEP][PASSED] - takeFullPageScreenshot(): Taking screenshot successfully

2024-07-25 07:48:39 - [MESSAGE][INFO] - 0 hidden object(s)

2024-07-25 07:48:39 - [MESSAGE][PASSED] - Taking screenshot successfully
[[ATTACHMENT|C:\\Users\\lenovo\\git\\sauce-demo-katalon\\Reports\\20240725_074828\\Transaction\\TS - Transaction\\20240725_074828\\1721868518398.png]]

2024-07-25 07:48:39 - [MESSAGE][PASSED] - Call Test Case 'Test Cases/Login/L01 - Login Success' successfully

2024-07-25 07:48:39 - [TEST_STEP][PASSED] - click(findTestObject("Transaction/Inventory-page/product_name", ["product_name":product_name])): Object: 'Object Repository/Transaction/Inventory-page/product_name' is clicked on

2024-07-25 07:48:40 - [MESSAGE][PASSED] - Object: 'Object Repository/Transaction/Inventory-page/product_name' is clicked on

2024-07-25 07:48:40 - [TEST_STEP][PASSED] - verifyElementVisible(findTestObject("Transaction/Inventory-item-page/label_product_name_detail_page")): Object 'Object Repository/Transaction/Inventory-item-page/label_product_name_detail_page' is visible

2024-07-25 07:48:41 - [MESSAGE][PASSED] - Object 'Object Repository/Transaction/Inventory-item-page/label_product_name_detail_page' is visible

2024-07-25 07:48:41 - [TEST_STEP][PASSED] - verifyElementVisible(findTestObject("Transaction/Inventory-item-page/button_Add to cart - item page")): Object 'Object Repository/Transaction/Inventory-item-page/button_Add to cart - item page' is visible

2024-07-25 07:48:41 - [MESSAGE][PASSED] - Object 'Object Repository/Transaction/Inventory-item-page/button_Add to cart - item page' is visible

2024-07-25 07:48:41 - [TEST_STEP][PASSED] - click(findTestObject("Transaction/Inventory-item-page/button_Add to cart - item page")): Object: 'Object Repository/Transaction/Inventory-item-page/button_Add to cart - item page' is clicked on

2024-07-25 07:48:42 - [MESSAGE][PASSED] - Object: 'Object Repository/Transaction/Inventory-item-page/button_Add to cart - item page' is clicked on

2024-07-25 07:48:42 - [TEST_STEP][PASSED] - verifyElementVisible(findTestObject("Transaction/General/label_shopping_cart_badge")): Object 'Object Repository/Transaction/General/label_shopping_cart_badge' is visible

2024-07-25 07:48:42 - [MESSAGE][PASSED] - Object 'Object Repository/Transaction/General/label_shopping_cart_badge' is visible

2024-07-25 07:48:42 - [TEST_STEP][PASSED] - takeFullPageScreenshot(): Taking screenshot successfully

2024-07-25 07:48:43 - [MESSAGE][INFO] - 0 hidden object(s)

2024-07-25 07:48:43 - [MESSAGE][PASSED] - Taking screenshot successfully
[[ATTACHMENT|C:\\Users\\lenovo\\git\\sauce-demo-katalon\\Reports\\20240725_074828\\Transaction\\TS - Transaction\\20240725_074828\\1721868522599.png]]]]></system-out>
         <system-err><![CDATA[]]></system-err>
      </testcase>
      <testcase name="Test Cases/Transaction/T02 - Pick Product From Homepage" time="10.944" classname="Test Cases/Transaction/T02 - Pick Product From Homepage" status="PASSED">
         <system-out><![CDATA[2024-07-25 07:48:43 - [TEST_CASE][PASSED] - Test Cases/Transaction/T02 - Pick Product From Homepage: Test Cases/Transaction/T02 - Pick Product From Homepage

2024-07-25 07:48:44 - [TEST_STEP][PASSED] - callTestCase(findTestCase("Login/L01 - Login Success"), ["username":"standard_user", "password":"secret_sauce"], STOP_ON_FAILURE): Call Test Case 'Test Cases/Login/L01 - Login Success' successfully

2024-07-25 07:48:44 - [TEST_CASE][PASSED] - Test Cases/Login/L01 - Login Success: Test Cases/Login/L01 - Login Success

2024-07-25 07:48:44 - [TEST_STEP][PASSED] - openBrowser(""): Browser is opened with url: ''

2024-07-25 07:48:44 - [MESSAGE][WARNING] - A browser is already opened. Closing browser and opening a new one

2024-07-25 07:48:45 - [MESSAGE][INFO] - Starting 'Chrome' driver

2024-07-25 07:48:45 - [MESSAGE][INFO] - Action delay is set to 0 milliseconds

2024-07-25 07:48:46 - [MESSAGE][PASSED] - Browser is opened with url: ''

2024-07-25 07:48:46 - [TEST_STEP][PASSED] - navigateToUrl("https://www.saucedemo.com/"): Navigate to 'https://www.saucedemo.com/' successfully

2024-07-25 07:48:47 - [MESSAGE][PASSED] - Navigate to 'https://www.saucedemo.com/' successfully

2024-07-25 07:48:47 - [TEST_STEP][PASSED] - maximizeWindow(): Current window maximized

2024-07-25 07:48:47 - [MESSAGE][PASSED] - Current window maximized

2024-07-25 07:48:47 - [TEST_STEP][PASSED] - setText(findTestObject("Object Repository/Login-Page/input_username"), username): Text 'standard_user' is set on object 'Object Repository/Login-Page/input_username'

2024-07-25 07:48:49 - [MESSAGE][PASSED] - Text 'standard_user' is set on object 'Object Repository/Login-Page/input_username'

2024-07-25 07:48:49 - [TEST_STEP][PASSED] - setText(findTestObject("Object Repository/Login-Page/input_password"), password): Text 'secret_sauce' is set on object 'Object Repository/Login-Page/input_password'

2024-07-25 07:48:50 - [MESSAGE][PASSED] - Text 'secret_sauce' is set on object 'Object Repository/Login-Page/input_password'

2024-07-25 07:48:50 - [TEST_STEP][PASSED] - click(findTestObject("Object Repository/Login-Page/login-button")): Object: 'Object Repository/Login-Page/login-button' is clicked on

2024-07-25 07:48:51 - [MESSAGE][PASSED] - Object: 'Object Repository/Login-Page/login-button' is clicked on

2024-07-25 07:48:51 - [TEST_STEP][PASSED] - verifyElementVisible(findTestObject("Login-Page/header_logo")): Object 'Object Repository/Login-Page/header_logo' is visible

2024-07-25 07:48:51 - [MESSAGE][PASSED] - Object 'Object Repository/Login-Page/header_logo' is visible

2024-07-25 07:48:51 - [TEST_STEP][PASSED] - takeFullPageScreenshot(): Taking screenshot successfully

2024-07-25 07:48:52 - [MESSAGE][INFO] - 0 hidden object(s)

2024-07-25 07:48:52 - [MESSAGE][PASSED] - Taking screenshot successfully
[[ATTACHMENT|C:\\Users\\lenovo\\git\\sauce-demo-katalon\\Reports\\20240725_074828\\Transaction\\TS - Transaction\\20240725_074828\\1721868531550.png]]

2024-07-25 07:48:52 - [MESSAGE][PASSED] - Call Test Case 'Test Cases/Login/L01 - Login Success' successfully

2024-07-25 07:48:52 - [TEST_STEP][PASSED] - verifyElementVisible(findTestObject("Transaction/Inventory-page/product_name", ["product_name":product_name])): Object 'Object Repository/Transaction/Inventory-page/product_name' is visible

2024-07-25 07:48:52 - [MESSAGE][PASSED] - Object 'Object Repository/Transaction/Inventory-page/product_name' is visible

2024-07-25 07:48:52 - [TEST_STEP][PASSED] - click(findTestObject("Transaction/Inventory-page/button_Add to cart", ["product_id":product_id])): Object: 'Object Repository/Transaction/Inventory-page/button_Add to cart' is clicked on

2024-07-25 07:48:53 - [MESSAGE][PASSED] - Object: 'Object Repository/Transaction/Inventory-page/button_Add to cart' is clicked on

2024-07-25 07:48:53 - [TEST_STEP][PASSED] - verifyElementVisible(findTestObject("Transaction/General/label_shopping_cart_badge")): Object 'Object Repository/Transaction/General/label_shopping_cart_badge' is visible

2024-07-25 07:48:53 - [MESSAGE][PASSED] - Object 'Object Repository/Transaction/General/label_shopping_cart_badge' is visible

2024-07-25 07:48:53 - [TEST_STEP][PASSED] - takeFullPageScreenshot(): Taking screenshot successfully

2024-07-25 07:48:54 - [MESSAGE][INFO] - 0 hidden object(s)

2024-07-25 07:48:54 - [MESSAGE][PASSED] - Taking screenshot successfully
[[ATTACHMENT|C:\\Users\\lenovo\\git\\sauce-demo-katalon\\Reports\\20240725_074828\\Transaction\\TS - Transaction\\20240725_074828\\1721868533714.png]]]]></system-out>
         <system-err><![CDATA[]]></system-err>
      </testcase>
      <testcase name="Test Cases/Transaction/T03 - Cart Page - Checkout" time="19.526" classname="Test Cases/Transaction/T03 - Cart Page - Checkout" status="PASSED">
         <system-out><![CDATA[2024-07-25 07:48:54 - [TEST_CASE][PASSED] - Test Cases/Transaction/T03 - Cart Page - Checkout: Test Cases/Transaction/T03 - Cart Page - Checkout

2024-07-25 07:48:54 - [TEST_STEP][PASSED] - callTestCase(findTestCase("Transaction/T02 - Pick Product From Homepage"), ["product_name":"Sauce Labs Bike Light", "product_id":"sauce-labs-bike-light", "detail_product_page":"0"], STOP_ON_FAILURE): Call Test Case 'Test Cases/Transaction/T02 - Pick Product From Homepage' successfully

2024-07-25 07:48:54 - [TEST_CASE][PASSED] - Test Cases/Transaction/T02 - Pick Product From Homepage: Test Cases/Transaction/T02 - Pick Product From Homepage

2024-07-25 07:48:54 - [TEST_STEP][PASSED] - callTestCase(findTestCase("Login/L01 - Login Success"), ["username":"standard_user", "password":"secret_sauce"], STOP_ON_FAILURE): Call Test Case 'Test Cases/Login/L01 - Login Success' successfully

2024-07-25 07:48:55 - [TEST_CASE][PASSED] - Test Cases/Login/L01 - Login Success: Test Cases/Login/L01 - Login Success

2024-07-25 07:48:55 - [TEST_STEP][PASSED] - openBrowser(""): Browser is opened with url: ''

2024-07-25 07:48:55 - [MESSAGE][WARNING] - A browser is already opened. Closing browser and opening a new one

2024-07-25 07:48:55 - [MESSAGE][INFO] - Starting 'Chrome' driver

2024-07-25 07:48:55 - [MESSAGE][INFO] - Action delay is set to 0 milliseconds

2024-07-25 07:48:56 - [MESSAGE][PASSED] - Browser is opened with url: ''

2024-07-25 07:48:56 - [TEST_STEP][PASSED] - navigateToUrl("https://www.saucedemo.com/"): Navigate to 'https://www.saucedemo.com/' successfully

2024-07-25 07:48:57 - [MESSAGE][PASSED] - Navigate to 'https://www.saucedemo.com/' successfully

2024-07-25 07:48:57 - [TEST_STEP][PASSED] - maximizeWindow(): Current window maximized

2024-07-25 07:48:57 - [MESSAGE][PASSED] - Current window maximized

2024-07-25 07:48:57 - [TEST_STEP][PASSED] - setText(findTestObject("Object Repository/Login-Page/input_username"), username): Text 'standard_user' is set on object 'Object Repository/Login-Page/input_username'

2024-07-25 07:49:02 - [MESSAGE][PASSED] - Text 'standard_user' is set on object 'Object Repository/Login-Page/input_username'

2024-07-25 07:49:02 - [TEST_STEP][PASSED] - setText(findTestObject("Object Repository/Login-Page/input_password"), password): Text 'secret_sauce' is set on object 'Object Repository/Login-Page/input_password'

2024-07-25 07:49:03 - [MESSAGE][PASSED] - Text 'secret_sauce' is set on object 'Object Repository/Login-Page/input_password'

2024-07-25 07:49:03 - [TEST_STEP][PASSED] - click(findTestObject("Object Repository/Login-Page/login-button")): Object: 'Object Repository/Login-Page/login-button' is clicked on

2024-07-25 07:49:03 - [MESSAGE][PASSED] - Object: 'Object Repository/Login-Page/login-button' is clicked on

2024-07-25 07:49:03 - [TEST_STEP][PASSED] - verifyElementVisible(findTestObject("Login-Page/header_logo")): Object 'Object Repository/Login-Page/header_logo' is visible

2024-07-25 07:49:04 - [MESSAGE][PASSED] - Object 'Object Repository/Login-Page/header_logo' is visible

2024-07-25 07:49:04 - [TEST_STEP][PASSED] - takeFullPageScreenshot(): Taking screenshot successfully

2024-07-25 07:49:05 - [MESSAGE][INFO] - 0 hidden object(s)

2024-07-25 07:49:05 - [MESSAGE][PASSED] - Taking screenshot successfully
[[ATTACHMENT|C:\\Users\\lenovo\\git\\sauce-demo-katalon\\Reports\\20240725_074828\\Transaction\\TS - Transaction\\20240725_074828\\1721868544471.png]]

2024-07-25 07:49:05 - [MESSAGE][PASSED] - Call Test Case 'Test Cases/Login/L01 - Login Success' successfully

2024-07-25 07:49:05 - [TEST_STEP][PASSED] - verifyElementVisible(findTestObject("Transaction/Inventory-page/product_name", ["product_name":product_name])): Object 'Object Repository/Transaction/Inventory-page/product_name' is visible

2024-07-25 07:49:06 - [MESSAGE][PASSED] - Object 'Object Repository/Transaction/Inventory-page/product_name' is visible

2024-07-25 07:49:06 - [TEST_STEP][PASSED] - click(findTestObject("Transaction/Inventory-page/button_Add to cart", ["product_id":product_id])): Object: 'Object Repository/Transaction/Inventory-page/button_Add to cart' is clicked on

2024-07-25 07:49:06 - [MESSAGE][PASSED] - Object: 'Object Repository/Transaction/Inventory-page/button_Add to cart' is clicked on

2024-07-25 07:49:06 - [TEST_STEP][PASSED] - verifyElementVisible(findTestObject("Transaction/General/label_shopping_cart_badge")): Object 'Object Repository/Transaction/General/label_shopping_cart_badge' is visible

2024-07-25 07:49:07 - [MESSAGE][PASSED] - Object 'Object Repository/Transaction/General/label_shopping_cart_badge' is visible

2024-07-25 07:49:07 - [TEST_STEP][PASSED] - takeFullPageScreenshot(): Taking screenshot successfully

2024-07-25 07:49:07 - [MESSAGE][INFO] - 0 hidden object(s)

2024-07-25 07:49:08 - [MESSAGE][PASSED] - Taking screenshot successfully
[[ATTACHMENT|C:\\Users\\lenovo\\git\\sauce-demo-katalon\\Reports\\20240725_074828\\Transaction\\TS - Transaction\\20240725_074828\\1721868547282.png]]

2024-07-25 07:49:08 - [MESSAGE][PASSED] - Call Test Case 'Test Cases/Transaction/T02 - Pick Product From Homepage' successfully

2024-07-25 07:49:08 - [TEST_STEP][PASSED] - click(findTestObject("Transaction/General/icon_shopping_cart")): Object: 'Object Repository/Transaction/General/icon_shopping_cart' is clicked on

2024-07-25 07:49:10 - [MESSAGE][PASSED] - Object: 'Object Repository/Transaction/General/icon_shopping_cart' is clicked on

2024-07-25 07:49:10 - [TEST_STEP][PASSED] - verifyElementVisible(findTestObject("Transaction/Cart/span_title - Your Cart")): Object 'Object Repository/Transaction/Cart/span_title - Your Cart' is visible

2024-07-25 07:49:11 - [MESSAGE][PASSED] - Object 'Object Repository/Transaction/Cart/span_title - Your Cart' is visible

2024-07-25 07:49:11 - [TEST_STEP][PASSED] - verifyElementVisible(findTestObject("Transaction/Cart/container_cart item")): Object 'Object Repository/Transaction/Cart/container_cart item' is visible

2024-07-25 07:49:11 - [MESSAGE][PASSED] - Object 'Object Repository/Transaction/Cart/container_cart item' is visible

2024-07-25 07:49:11 - [TEST_STEP][PASSED] - takeFullPageScreenshot(): Taking screenshot successfully

2024-07-25 07:49:12 - [MESSAGE][INFO] - 0 hidden object(s)

2024-07-25 07:49:12 - [MESSAGE][PASSED] - Taking screenshot successfully
[[ATTACHMENT|C:\\Users\\lenovo\\git\\sauce-demo-katalon\\Reports\\20240725_074828\\Transaction\\TS - Transaction\\20240725_074828\\1721868551635.png]]

2024-07-25 07:49:12 - [TEST_STEP][PASSED] - click(findTestObject("Transaction/Cart/button_Checkout")): Object: 'Object Repository/Transaction/Cart/button_Checkout' is clicked on

2024-07-25 07:49:13 - [MESSAGE][PASSED] - Object: 'Object Repository/Transaction/Cart/button_Checkout' is clicked on

2024-07-25 07:49:13 - [TEST_STEP][PASSED] - verifyElementVisible(findTestObject("Transaction/Checkout - Information/span_title - Checkout Your Information")): Object 'Object Repository/Transaction/Checkout - Information/span_title - Checkout Your Information' is visible

2024-07-25 07:49:14 - [MESSAGE][PASSED] - Object 'Object Repository/Transaction/Checkout - Information/span_title - Checkout Your Information' is visible]]></system-out>
         <system-err><![CDATA[]]></system-err>
      </testcase>
      <testcase name="Test Cases/Transaction/T04 - Cart Page - Remove Item" time="17.592" classname="Test Cases/Transaction/T04 - Cart Page - Remove Item" status="PASSED">
         <system-out><![CDATA[2024-07-25 07:49:14 - [TEST_CASE][PASSED] - Test Cases/Transaction/T04 - Cart Page - Remove Item: Test Cases/Transaction/T04 - Cart Page - Remove Item

2024-07-25 07:49:14 - [TEST_STEP][PASSED] - callTestCase(findTestCase("Transaction/T02 - Pick Product From Homepage"), ["product_name":"Sauce Labs Bike Light", "product_id":"sauce-labs-bike-light", "detail_product_page":"0"], STOP_ON_FAILURE): Call Test Case 'Test Cases/Transaction/T02 - Pick Product From Homepage' successfully

2024-07-25 07:49:14 - [TEST_CASE][PASSED] - Test Cases/Transaction/T02 - Pick Product From Homepage: Test Cases/Transaction/T02 - Pick Product From Homepage

2024-07-25 07:49:14 - [TEST_STEP][PASSED] - callTestCase(findTestCase("Login/L01 - Login Success"), ["username":"standard_user", "password":"secret_sauce"], STOP_ON_FAILURE): Call Test Case 'Test Cases/Login/L01 - Login Success' successfully

2024-07-25 07:49:14 - [TEST_CASE][PASSED] - Test Cases/Login/L01 - Login Success: Test Cases/Login/L01 - Login Success

2024-07-25 07:49:14 - [TEST_STEP][PASSED] - openBrowser(""): Browser is opened with url: ''

2024-07-25 07:49:14 - [MESSAGE][WARNING] - A browser is already opened. Closing browser and opening a new one

2024-07-25 07:49:15 - [MESSAGE][INFO] - Starting 'Chrome' driver

2024-07-25 07:49:15 - [MESSAGE][INFO] - Action delay is set to 0 milliseconds

2024-07-25 07:49:16 - [MESSAGE][PASSED] - Browser is opened with url: ''

2024-07-25 07:49:16 - [TEST_STEP][PASSED] - navigateToUrl("https://www.saucedemo.com/"): Navigate to 'https://www.saucedemo.com/' successfully

2024-07-25 07:49:17 - [MESSAGE][PASSED] - Navigate to 'https://www.saucedemo.com/' successfully

2024-07-25 07:49:17 - [TEST_STEP][PASSED] - maximizeWindow(): Current window maximized

2024-07-25 07:49:17 - [MESSAGE][PASSED] - Current window maximized

2024-07-25 07:49:17 - [TEST_STEP][PASSED] - setText(findTestObject("Object Repository/Login-Page/input_username"), username): Text 'standard_user' is set on object 'Object Repository/Login-Page/input_username'

2024-07-25 07:49:20 - [MESSAGE][PASSED] - Text 'standard_user' is set on object 'Object Repository/Login-Page/input_username'

2024-07-25 07:49:20 - [TEST_STEP][PASSED] - setText(findTestObject("Object Repository/Login-Page/input_password"), password): Text 'secret_sauce' is set on object 'Object Repository/Login-Page/input_password'

2024-07-25 07:49:20 - [MESSAGE][PASSED] - Text 'secret_sauce' is set on object 'Object Repository/Login-Page/input_password'

2024-07-25 07:49:20 - [TEST_STEP][PASSED] - click(findTestObject("Object Repository/Login-Page/login-button")): Object: 'Object Repository/Login-Page/login-button' is clicked on

2024-07-25 07:49:21 - [MESSAGE][PASSED] - Object: 'Object Repository/Login-Page/login-button' is clicked on

2024-07-25 07:49:21 - [TEST_STEP][PASSED] - verifyElementVisible(findTestObject("Login-Page/header_logo")): Object 'Object Repository/Login-Page/header_logo' is visible

2024-07-25 07:49:21 - [MESSAGE][PASSED] - Object 'Object Repository/Login-Page/header_logo' is visible

2024-07-25 07:49:21 - [TEST_STEP][PASSED] - takeFullPageScreenshot(): Taking screenshot successfully

2024-07-25 07:49:22 - [MESSAGE][INFO] - 0 hidden object(s)

2024-07-25 07:49:23 - [MESSAGE][PASSED] - Taking screenshot successfully
[[ATTACHMENT|C:\\Users\\lenovo\\git\\sauce-demo-katalon\\Reports\\20240725_074828\\Transaction\\TS - Transaction\\20240725_074828\\1721868561847.png]]

2024-07-25 07:49:23 - [MESSAGE][PASSED] - Call Test Case 'Test Cases/Login/L01 - Login Success' successfully

2024-07-25 07:49:23 - [TEST_STEP][PASSED] - verifyElementVisible(findTestObject("Transaction/Inventory-page/product_name", ["product_name":product_name])): Object 'Object Repository/Transaction/Inventory-page/product_name' is visible

2024-07-25 07:49:23 - [MESSAGE][PASSED] - Object 'Object Repository/Transaction/Inventory-page/product_name' is visible

2024-07-25 07:49:23 - [TEST_STEP][PASSED] - click(findTestObject("Transaction/Inventory-page/button_Add to cart", ["product_id":product_id])): Object: 'Object Repository/Transaction/Inventory-page/button_Add to cart' is clicked on

2024-07-25 07:49:24 - [MESSAGE][PASSED] - Object: 'Object Repository/Transaction/Inventory-page/button_Add to cart' is clicked on

2024-07-25 07:49:24 - [TEST_STEP][PASSED] - verifyElementVisible(findTestObject("Transaction/General/label_shopping_cart_badge")): Object 'Object Repository/Transaction/General/label_shopping_cart_badge' is visible

2024-07-25 07:49:24 - [MESSAGE][PASSED] - Object 'Object Repository/Transaction/General/label_shopping_cart_badge' is visible

2024-07-25 07:49:24 - [TEST_STEP][PASSED] - takeFullPageScreenshot(): Taking screenshot successfully

2024-07-25 07:49:25 - [MESSAGE][INFO] - 0 hidden object(s)

2024-07-25 07:49:26 - [MESSAGE][PASSED] - Taking screenshot successfully
[[ATTACHMENT|C:\\Users\\lenovo\\git\\sauce-demo-katalon\\Reports\\20240725_074828\\Transaction\\TS - Transaction\\20240725_074828\\1721868564710.png]]

2024-07-25 07:49:26 - [MESSAGE][PASSED] - Call Test Case 'Test Cases/Transaction/T02 - Pick Product From Homepage' successfully

2024-07-25 07:49:26 - [TEST_STEP][PASSED] - click(findTestObject("Transaction/General/icon_shopping_cart")): Object: 'Object Repository/Transaction/General/icon_shopping_cart' is clicked on

2024-07-25 07:49:26 - [MESSAGE][PASSED] - Object: 'Object Repository/Transaction/General/icon_shopping_cart' is clicked on

2024-07-25 07:49:26 - [TEST_STEP][PASSED] - verifyElementVisible(findTestObject("Transaction/Cart/span_title - Your Cart")): Object 'Object Repository/Transaction/Cart/span_title - Your Cart' is visible

2024-07-25 07:49:27 - [MESSAGE][PASSED] - Object 'Object Repository/Transaction/Cart/span_title - Your Cart' is visible

2024-07-25 07:49:27 - [TEST_STEP][PASSED] - verifyElementVisible(findTestObject("Transaction/Cart/container_cart item")): Object 'Object Repository/Transaction/Cart/container_cart item' is visible

2024-07-25 07:49:27 - [MESSAGE][PASSED] - Object 'Object Repository/Transaction/Cart/container_cart item' is visible

2024-07-25 07:49:27 - [TEST_STEP][PASSED] - takeScreenshot(STOP_ON_FAILURE): Taking screenshot successfully

2024-07-25 07:49:27 - [MESSAGE][PASSED] - Taking screenshot successfully
[[ATTACHMENT|C:\\Users\\lenovo\\git\\sauce-demo-katalon\\Reports\\20240725_074828\\Transaction\\TS - Transaction\\20240725_074828\\1721868567734.png]]

2024-07-25 07:49:27 - [TEST_STEP][PASSED] - click(findTestObject("Transaction/Cart/button_Remove", ["product_id":product_id])): Object: 'Object Repository/Transaction/Cart/button_Remove' is clicked on

2024-07-25 07:49:28 - [MESSAGE][PASSED] - Object: 'Object Repository/Transaction/Cart/button_Remove' is clicked on

2024-07-25 07:49:28 - [TEST_STEP][PASSED] - verifyElementNotPresent(findTestObject("Transaction/Cart/label_item_name", ["product_name":product_name]), 1): Web element with id: 'Object Repository/Transaction/Cart/label_item_name' located by 'By.xpath: //*[(text() = 'Sauce Labs Bike Light' or . = 'Sauce Labs Bike Light')]' is not present after '1' second(s)

2024-07-25 07:49:31 - [MESSAGE][PASSED] - Web element with id: 'Object Repository/Transaction/Cart/label_item_name' located by 'By.xpath: //*[(text() = 'Sauce Labs Bike Light' or . = 'Sauce Labs Bike Light')]' is not present after '1' second(s)

2024-07-25 07:49:31 - [TEST_STEP][PASSED] - takeScreenshot(STOP_ON_FAILURE): Taking screenshot successfully

2024-07-25 07:49:31 - [MESSAGE][PASSED] - Taking screenshot successfully
[[ATTACHMENT|C:\\Users\\lenovo\\git\\sauce-demo-katalon\\Reports\\20240725_074828\\Transaction\\TS - Transaction\\20240725_074828\\1721868571597.png]]]]></system-out>
         <system-err><![CDATA[]]></system-err>
      </testcase>
      <testcase name="Test Cases/Transaction/T05 - Cart Page - Continue Shopping" time="12.177" classname="Test Cases/Transaction/T05 - Cart Page - Continue Shopping" status="PASSED">
         <system-out><![CDATA[2024-07-25 07:49:31 - [TEST_CASE][PASSED] - Test Cases/Transaction/T05 - Cart Page - Continue Shopping: Test Cases/Transaction/T05 - Cart Page - Continue Shopping

2024-07-25 07:49:32 - [TEST_STEP][PASSED] - callTestCase(findTestCase("Transaction/T02 - Pick Product From Homepage"), ["product_name":"Sauce Labs Bike Light", "product_id":"sauce-labs-bike-light", "detail_product_page":"0"], STOP_ON_FAILURE): Call Test Case 'Test Cases/Transaction/T02 - Pick Product From Homepage' successfully

2024-07-25 07:49:32 - [TEST_CASE][PASSED] - Test Cases/Transaction/T02 - Pick Product From Homepage: Test Cases/Transaction/T02 - Pick Product From Homepage

2024-07-25 07:49:32 - [TEST_STEP][PASSED] - callTestCase(findTestCase("Login/L01 - Login Success"), ["username":"standard_user", "password":"secret_sauce"], STOP_ON_FAILURE): Call Test Case 'Test Cases/Login/L01 - Login Success' successfully

2024-07-25 07:49:32 - [TEST_CASE][PASSED] - Test Cases/Login/L01 - Login Success: Test Cases/Login/L01 - Login Success

2024-07-25 07:49:32 - [TEST_STEP][PASSED] - openBrowser(""): Browser is opened with url: ''

2024-07-25 07:49:32 - [MESSAGE][WARNING] - A browser is already opened. Closing browser and opening a new one

2024-07-25 07:49:33 - [MESSAGE][INFO] - Starting 'Chrome' driver

2024-07-25 07:49:33 - [MESSAGE][INFO] - Action delay is set to 0 milliseconds

2024-07-25 07:49:34 - [MESSAGE][PASSED] - Browser is opened with url: ''

2024-07-25 07:49:34 - [TEST_STEP][PASSED] - navigateToUrl("https://www.saucedemo.com/"): Navigate to 'https://www.saucedemo.com/' successfully

2024-07-25 07:49:34 - [MESSAGE][PASSED] - Navigate to 'https://www.saucedemo.com/' successfully

2024-07-25 07:49:34 - [TEST_STEP][PASSED] - maximizeWindow(): Current window maximized

2024-07-25 07:49:34 - [MESSAGE][PASSED] - Current window maximized

2024-07-25 07:49:34 - [TEST_STEP][PASSED] - setText(findTestObject("Object Repository/Login-Page/input_username"), username): Text 'standard_user' is set on object 'Object Repository/Login-Page/input_username'

2024-07-25 07:49:37 - [MESSAGE][PASSED] - Text 'standard_user' is set on object 'Object Repository/Login-Page/input_username'

2024-07-25 07:49:37 - [TEST_STEP][PASSED] - setText(findTestObject("Object Repository/Login-Page/input_password"), password): Text 'secret_sauce' is set on object 'Object Repository/Login-Page/input_password'

2024-07-25 07:49:38 - [MESSAGE][PASSED] - Text 'secret_sauce' is set on object 'Object Repository/Login-Page/input_password'

2024-07-25 07:49:38 - [TEST_STEP][PASSED] - click(findTestObject("Object Repository/Login-Page/login-button")): Object: 'Object Repository/Login-Page/login-button' is clicked on

2024-07-25 07:49:38 - [MESSAGE][PASSED] - Object: 'Object Repository/Login-Page/login-button' is clicked on

2024-07-25 07:49:38 - [TEST_STEP][PASSED] - verifyElementVisible(findTestObject("Login-Page/header_logo")): Object 'Object Repository/Login-Page/header_logo' is visible

2024-07-25 07:49:39 - [MESSAGE][PASSED] - Object 'Object Repository/Login-Page/header_logo' is visible

2024-07-25 07:49:39 - [TEST_STEP][PASSED] - takeFullPageScreenshot(): Taking screenshot successfully

2024-07-25 07:49:40 - [MESSAGE][INFO] - 0 hidden object(s)

2024-07-25 07:49:40 - [MESSAGE][PASSED] - Taking screenshot successfully
[[ATTACHMENT|C:\\Users\\lenovo\\git\\sauce-demo-katalon\\Reports\\20240725_074828\\Transaction\\TS - Transaction\\20240725_074828\\1721868579373.png]]

2024-07-25 07:49:40 - [MESSAGE][PASSED] - Call Test Case 'Test Cases/Login/L01 - Login Success' successfully

2024-07-25 07:49:40 - [TEST_STEP][PASSED] - verifyElementVisible(findTestObject("Transaction/Inventory-page/product_name", ["product_name":product_name])): Object 'Object Repository/Transaction/Inventory-page/product_name' is visible

2024-07-25 07:49:40 - [MESSAGE][PASSED] - Object 'Object Repository/Transaction/Inventory-page/product_name' is visible

2024-07-25 07:49:40 - [TEST_STEP][PASSED] - click(findTestObject("Transaction/Inventory-page/button_Add to cart", ["product_id":product_id])): Object: 'Object Repository/Transaction/Inventory-page/button_Add to cart' is clicked on

2024-07-25 07:49:41 - [MESSAGE][PASSED] - Object: 'Object Repository/Transaction/Inventory-page/button_Add to cart' is clicked on

2024-07-25 07:49:41 - [TEST_STEP][PASSED] - verifyElementVisible(findTestObject("Transaction/General/label_shopping_cart_badge")): Object 'Object Repository/Transaction/General/label_shopping_cart_badge' is visible

2024-07-25 07:49:41 - [MESSAGE][PASSED] - Object 'Object Repository/Transaction/General/label_shopping_cart_badge' is visible

2024-07-25 07:49:41 - [TEST_STEP][PASSED] - takeFullPageScreenshot(): Taking screenshot successfully

2024-07-25 07:49:42 - [MESSAGE][INFO] - 0 hidden object(s)

2024-07-25 07:49:42 - [MESSAGE][PASSED] - Taking screenshot successfully
[[ATTACHMENT|C:\\Users\\lenovo\\git\\sauce-demo-katalon\\Reports\\20240725_074828\\Transaction\\TS - Transaction\\20240725_074828\\1721868581601.png]]

2024-07-25 07:49:42 - [MESSAGE][PASSED] - Call Test Case 'Test Cases/Transaction/T02 - Pick Product From Homepage' successfully

2024-07-25 07:49:42 - [TEST_STEP][PASSED] - click(findTestObject("Transaction/General/icon_shopping_cart")): Object: 'Object Repository/Transaction/General/icon_shopping_cart' is clicked on

2024-07-25 07:49:42 - [MESSAGE][PASSED] - Object: 'Object Repository/Transaction/General/icon_shopping_cart' is clicked on

2024-07-25 07:49:42 - [TEST_STEP][PASSED] - click(findTestObject("Transaction/Cart/button_Continue Shopping")): Object: 'Object Repository/Transaction/Cart/button_Continue Shopping' is clicked on

2024-07-25 07:49:43 - [MESSAGE][PASSED] - Object: 'Object Repository/Transaction/Cart/button_Continue Shopping' is clicked on

2024-07-25 07:49:43 - [TEST_STEP][PASSED] - verifyElementVisible(findTestObject("Login-Page/header_logo")): Object 'Object Repository/Login-Page/header_logo' is visible

2024-07-25 07:49:43 - [MESSAGE][PASSED] - Object 'Object Repository/Login-Page/header_logo' is visible]]></system-out>
         <system-err><![CDATA[]]></system-err>
      </testcase>
      <testcase name="Test Cases/Transaction/T06 - Cart Page - Blank Cart Item" time="16.893" classname="Test Cases/Transaction/T06 - Cart Page - Blank Cart Item" status="FAILED">
         <failure type="FAILED" message="Test Cases/Transaction/T06 - Cart Page - Blank Cart Item FAILED.
Reason:
com.kms.katalon.core.exception.StepFailedException: Unable to verify object 'Object Repository/Transaction/Cart/button_Checkout' to be NOT clickable
	at com.kms.katalon.core.webui.keyword.internal.WebUIKeywordMain.stepFailed(WebUIKeywordMain.groovy:64)
	at com.kms.katalon.core.webui.keyword.internal.WebUIKeywordMain.runKeyword(WebUIKeywordMain.groovy:26)
	at com.kms.katalon.core.webui.keyword.builtin.VerifyElementNotClickableKeyword.verifyElementNotClickable(VerifyElementNotClickableKeyword.groovy:96)
	at com.kms.katalon.core.webui.keyword.builtin.VerifyElementNotClickableKeyword.execute(VerifyElementNotClickableKeyword.groovy:67)
	at com.kms.katalon.core.keyword.internal.KeywordExecutor.executeKeywordForPlatform(KeywordExecutor.groovy:74)
	at com.kms.katalon.core.webui.keyword.WebUiBuiltInKeywords.verifyElementNotClickable(WebUiBuiltInKeywords.groovy:595)
	at com.kms.katalon.core.webui.keyword.WebUiBuiltInKeywords$verifyElementNotClickable$8.call(Unknown Source)
	at T06 - Cart Page - Blank Cart Item.run(T06 - Cart Page - Blank Cart Item:24)
	at com.kms.katalon.core.main.ScriptEngine.run(ScriptEngine.java:194)
	at com.kms.katalon.core.main.ScriptEngine.runScriptAsRawText(ScriptEngine.java:119)
	at com.kms.katalon.core.main.TestCaseExecutor.runScript(TestCaseExecutor.java:448)
	at com.kms.katalon.core.main.TestCaseExecutor.doExecute(TestCaseExecutor.java:439)
	at com.kms.katalon.core.main.TestCaseExecutor.processExecutionPhase(TestCaseExecutor.java:418)
	at com.kms.katalon.core.main.TestCaseExecutor.accessMainPhase(TestCaseExecutor.java:410)
	at com.kms.katalon.core.main.TestCaseExecutor.execute(TestCaseExecutor.java:285)
	at com.kms.katalon.core.common.CommonExecutor.accessTestCaseMainPhase(CommonExecutor.java:65)
	at com.kms.katalon.core.main.TestSuiteExecutor.accessTestSuiteMainPhase(TestSuiteExecutor.java:148)
	at com.kms.katalon.core.main.TestSuiteExecutor.execute(TestSuiteExecutor.java:106)
	at com.kms.katalon.core.main.TestCaseMain.startTestSuite(TestCaseMain.java:187)
	at com.kms.katalon.core.main.TestCaseMain$startTestSuite$0.call(Unknown Source)
	at TempTestSuite1721868508261.run(TempTestSuite1721868508261.groovy:35)
Caused by: com.kms.katalon.core.exception.StepFailedException: Object 'Object Repository/Transaction/Cart/button_Checkout' is clickable
	at com.kms.katalon.core.webui.keyword.internal.WebUIKeywordMain.stepFailed(WebUIKeywordMain.groovy:64)
	at com.kms.katalon.core.webui.keyword.builtin.VerifyElementNotClickableKeyword$_verifyElementNotClickable_closure1.doCall(VerifyElementNotClickableKeyword.groovy:80)
	at com.kms.katalon.core.webui.keyword.builtin.VerifyElementNotClickableKeyword$_verifyElementNotClickable_closure1.call(VerifyElementNotClickableKeyword.groovy)
	at com.kms.katalon.core.webui.keyword.internal.WebUIKeywordMain.runKeyword(WebUIKeywordMain.groovy:20)
	... 19 more
"/>
         <system-out><![CDATA[2024-07-25 07:49:43 - [TEST_CASE][FAILED] - Test Cases/Transaction/T06 - Cart Page - Blank Cart Item: Test Cases/Transaction/T06 - Cart Page - Blank Cart Item FAILED.
Reason:
com.kms.katalon.core.exception.StepFailedException: Unable to verify object 'Object Repository/Transaction/Cart/button_Checkout' to be NOT clickable
	at com.kms.katalon.core.webui.keyword.internal.WebUIKeywordMain.stepFailed(WebUIKeywordMain.groovy:64)
	at com.kms.katalon.core.webui.keyword.internal.WebUIKeywordMain.runKeyword(WebUIKeywordMain.groovy:26)
	at com.kms.katalon.core.webui.keyword.builtin.VerifyElementNotClickableKeyword.verifyElementNotClickable(VerifyElementNotClickableKeyword.groovy:96)
	at com.kms.katalon.core.webui.keyword.builtin.VerifyElementNotClickableKeyword.execute(VerifyElementNotClickableKeyword.groovy:67)
	at com.kms.katalon.core.keyword.internal.KeywordExecutor.executeKeywordForPlatform(KeywordExecutor.groovy:74)
	at com.kms.katalon.core.webui.keyword.WebUiBuiltInKeywords.verifyElementNotClickable(WebUiBuiltInKeywords.groovy:595)
	at com.kms.katalon.core.webui.keyword.WebUiBuiltInKeywords$verifyElementNotClickable$8.call(Unknown Source)
	at T06 - Cart Page - Blank Cart Item.run(T06 - Cart Page - Blank Cart Item:24)
	at com.kms.katalon.core.main.ScriptEngine.run(ScriptEngine.java:194)
	at com.kms.katalon.core.main.ScriptEngine.runScriptAsRawText(ScriptEngine.java:119)
	at com.kms.katalon.core.main.TestCaseExecutor.runScript(TestCaseExecutor.java:448)
	at com.kms.katalon.core.main.TestCaseExecutor.doExecute(TestCaseExecutor.java:439)
	at com.kms.katalon.core.main.TestCaseExecutor.processExecutionPhase(TestCaseExecutor.java:418)
	at com.kms.katalon.core.main.TestCaseExecutor.accessMainPhase(TestCaseExecutor.java:410)
	at com.kms.katalon.core.main.TestCaseExecutor.execute(TestCaseExecutor.java:285)
	at com.kms.katalon.core.common.CommonExecutor.accessTestCaseMainPhase(CommonExecutor.java:65)
	at com.kms.katalon.core.main.TestSuiteExecutor.accessTestSuiteMainPhase(TestSuiteExecutor.java:148)
	at com.kms.katalon.core.main.TestSuiteExecutor.execute(TestSuiteExecutor.java:106)
	at com.kms.katalon.core.main.TestCaseMain.startTestSuite(TestCaseMain.java:187)
	at com.kms.katalon.core.main.TestCaseMain$startTestSuite$0.call(Unknown Source)
	at TempTestSuite1721868508261.run(TempTestSuite1721868508261.groovy:35)
Caused by: com.kms.katalon.core.exception.StepFailedException: Object 'Object Repository/Transaction/Cart/button_Checkout' is clickable
	at com.kms.katalon.core.webui.keyword.internal.WebUIKeywordMain.stepFailed(WebUIKeywordMain.groovy:64)
	at com.kms.katalon.core.webui.keyword.builtin.VerifyElementNotClickableKeyword$_verifyElementNotClickable_closure1.doCall(VerifyElementNotClickableKeyword.groovy:80)
	at com.kms.katalon.core.webui.keyword.builtin.VerifyElementNotClickableKeyword$_verifyElementNotClickable_closure1.call(VerifyElementNotClickableKeyword.groovy)
	at com.kms.katalon.core.webui.keyword.internal.WebUIKeywordMain.runKeyword(WebUIKeywordMain.groovy:20)
	... 19 more


2024-07-25 07:49:44 - [TEST_STEP][PASSED] - callTestCase(findTestCase("Transaction/T04 - Cart Page - Remove Item"), ["product_name":"Sauce Labs Bike Light", "product_id":"sauce-labs-bike-light"], STOP_ON_FAILURE): Call Test Case 'Test Cases/Transaction/T04 - Cart Page - Remove Item' successfully

2024-07-25 07:49:44 - [TEST_CASE][PASSED] - Test Cases/Transaction/T04 - Cart Page - Remove Item: Test Cases/Transaction/T04 - Cart Page - Remove Item

2024-07-25 07:49:44 - [TEST_STEP][PASSED] - callTestCase(findTestCase("Transaction/T02 - Pick Product From Homepage"), ["product_name":"Sauce Labs Bike Light", "product_id":"sauce-labs-bike-light", "detail_product_page":"0"], STOP_ON_FAILURE): Call Test Case 'Test Cases/Transaction/T02 - Pick Product From Homepage' successfully

2024-07-25 07:49:44 - [TEST_CASE][PASSED] - Test Cases/Transaction/T02 - Pick Product From Homepage: Test Cases/Transaction/T02 - Pick Product From Homepage

2024-07-25 07:49:44 - [TEST_STEP][PASSED] - callTestCase(findTestCase("Login/L01 - Login Success"), ["username":"standard_user", "password":"secret_sauce"], STOP_ON_FAILURE): Call Test Case 'Test Cases/Login/L01 - Login Success' successfully

2024-07-25 07:49:44 - [TEST_CASE][PASSED] - Test Cases/Login/L01 - Login Success: Test Cases/Login/L01 - Login Success

2024-07-25 07:49:44 - [TEST_STEP][PASSED] - openBrowser(""): Browser is opened with url: ''

2024-07-25 07:49:44 - [MESSAGE][WARNING] - A browser is already opened. Closing browser and opening a new one

2024-07-25 07:49:45 - [MESSAGE][INFO] - Starting 'Chrome' driver

2024-07-25 07:49:45 - [MESSAGE][INFO] - Action delay is set to 0 milliseconds

2024-07-25 07:49:46 - [MESSAGE][PASSED] - Browser is opened with url: ''

2024-07-25 07:49:46 - [TEST_STEP][PASSED] - navigateToUrl("https://www.saucedemo.com/"): Navigate to 'https://www.saucedemo.com/' successfully

2024-07-25 07:49:46 - [MESSAGE][PASSED] - Navigate to 'https://www.saucedemo.com/' successfully

2024-07-25 07:49:46 - [TEST_STEP][PASSED] - maximizeWindow(): Current window maximized

2024-07-25 07:49:46 - [MESSAGE][PASSED] - Current window maximized

2024-07-25 07:49:46 - [TEST_STEP][PASSED] - setText(findTestObject("Object Repository/Login-Page/input_username"), username): Text 'standard_user' is set on object 'Object Repository/Login-Page/input_username'

2024-07-25 07:49:49 - [MESSAGE][PASSED] - Text 'standard_user' is set on object 'Object Repository/Login-Page/input_username'

2024-07-25 07:49:49 - [TEST_STEP][PASSED] - setText(findTestObject("Object Repository/Login-Page/input_password"), password): Text 'secret_sauce' is set on object 'Object Repository/Login-Page/input_password'

2024-07-25 07:49:50 - [MESSAGE][PASSED] - Text 'secret_sauce' is set on object 'Object Repository/Login-Page/input_password'

2024-07-25 07:49:50 - [TEST_STEP][PASSED] - click(findTestObject("Object Repository/Login-Page/login-button")): Object: 'Object Repository/Login-Page/login-button' is clicked on

2024-07-25 07:49:50 - [MESSAGE][PASSED] - Object: 'Object Repository/Login-Page/login-button' is clicked on

2024-07-25 07:49:50 - [TEST_STEP][PASSED] - verifyElementVisible(findTestObject("Login-Page/header_logo")): Object 'Object Repository/Login-Page/header_logo' is visible

2024-07-25 07:49:51 - [MESSAGE][PASSED] - Object 'Object Repository/Login-Page/header_logo' is visible

2024-07-25 07:49:51 - [TEST_STEP][PASSED] - takeFullPageScreenshot(): Taking screenshot successfully

2024-07-25 07:49:51 - [MESSAGE][INFO] - 0 hidden object(s)

2024-07-25 07:49:52 - [MESSAGE][PASSED] - Taking screenshot successfully
[[ATTACHMENT|C:\\Users\\lenovo\\git\\sauce-demo-katalon\\Reports\\20240725_074828\\Transaction\\TS - Transaction\\20240725_074828\\1721868591159.png]]

2024-07-25 07:49:52 - [MESSAGE][PASSED] - Call Test Case 'Test Cases/Login/L01 - Login Success' successfully

2024-07-25 07:49:52 - [TEST_STEP][PASSED] - verifyElementVisible(findTestObject("Transaction/Inventory-page/product_name", ["product_name":product_name])): Object 'Object Repository/Transaction/Inventory-page/product_name' is visible

2024-07-25 07:49:52 - [MESSAGE][PASSED] - Object 'Object Repository/Transaction/Inventory-page/product_name' is visible

2024-07-25 07:49:52 - [TEST_STEP][PASSED] - click(findTestObject("Transaction/Inventory-page/button_Add to cart", ["product_id":product_id])): Object: 'Object Repository/Transaction/Inventory-page/button_Add to cart' is clicked on

2024-07-25 07:49:52 - [MESSAGE][PASSED] - Object: 'Object Repository/Transaction/Inventory-page/button_Add to cart' is clicked on

2024-07-25 07:49:52 - [TEST_STEP][PASSED] - verifyElementVisible(findTestObject("Transaction/General/label_shopping_cart_badge")): Object 'Object Repository/Transaction/General/label_shopping_cart_badge' is visible

2024-07-25 07:49:53 - [MESSAGE][PASSED] - Object 'Object Repository/Transaction/General/label_shopping_cart_badge' is visible

2024-07-25 07:49:53 - [TEST_STEP][PASSED] - takeFullPageScreenshot(): Taking screenshot successfully

2024-07-25 07:49:54 - [MESSAGE][INFO] - 0 hidden object(s)

2024-07-25 07:49:54 - [MESSAGE][PASSED] - Taking screenshot successfully
[[ATTACHMENT|C:\\Users\\lenovo\\git\\sauce-demo-katalon\\Reports\\20240725_074828\\Transaction\\TS - Transaction\\20240725_074828\\1721868593363.png]]

2024-07-25 07:49:54 - [MESSAGE][PASSED] - Call Test Case 'Test Cases/Transaction/T02 - Pick Product From Homepage' successfully

2024-07-25 07:49:54 - [TEST_STEP][PASSED] - click(findTestObject("Transaction/General/icon_shopping_cart")): Object: 'Object Repository/Transaction/General/icon_shopping_cart' is clicked on

2024-07-25 07:49:55 - [MESSAGE][PASSED] - Object: 'Object Repository/Transaction/General/icon_shopping_cart' is clicked on

2024-07-25 07:49:55 - [TEST_STEP][PASSED] - verifyElementVisible(findTestObject("Transaction/Cart/span_title - Your Cart")): Object 'Object Repository/Transaction/Cart/span_title - Your Cart' is visible

2024-07-25 07:49:55 - [MESSAGE][PASSED] - Object 'Object Repository/Transaction/Cart/span_title - Your Cart' is visible

2024-07-25 07:49:55 - [TEST_STEP][PASSED] - verifyElementVisible(findTestObject("Transaction/Cart/container_cart item")): Object 'Object Repository/Transaction/Cart/container_cart item' is visible

2024-07-25 07:49:56 - [MESSAGE][PASSED] - Object 'Object Repository/Transaction/Cart/container_cart item' is visible

2024-07-25 07:49:56 - [TEST_STEP][PASSED] - takeScreenshot(STOP_ON_FAILURE): Taking screenshot successfully

2024-07-25 07:49:56 - [MESSAGE][PASSED] - Taking screenshot successfully
[[ATTACHMENT|C:\\Users\\lenovo\\git\\sauce-demo-katalon\\Reports\\20240725_074828\\Transaction\\TS - Transaction\\20240725_074828\\1721868596409.png]]

2024-07-25 07:49:56 - [TEST_STEP][PASSED] - click(findTestObject("Transaction/Cart/button_Remove", ["product_id":product_id])): Object: 'Object Repository/Transaction/Cart/button_Remove' is clicked on

2024-07-25 07:49:56 - [MESSAGE][PASSED] - Object: 'Object Repository/Transaction/Cart/button_Remove' is clicked on

2024-07-25 07:49:56 - [TEST_STEP][PASSED] - verifyElementNotPresent(findTestObject("Transaction/Cart/label_item_name", ["product_name":product_name]), 1): Web element with id: 'Object Repository/Transaction/Cart/label_item_name' located by 'By.xpath: //*[(text() = 'Sauce Labs Bike Light' or . = 'Sauce Labs Bike Light')]' is not present after '1' second(s)

2024-07-25 07:49:57 - [MESSAGE][PASSED] - Web element with id: 'Object Repository/Transaction/Cart/label_item_name' located by 'By.xpath: //*[(text() = 'Sauce Labs Bike Light' or . = 'Sauce Labs Bike Light')]' is not present after '1' second(s)

2024-07-25 07:49:57 - [TEST_STEP][PASSED] - takeScreenshot(STOP_ON_FAILURE): Taking screenshot successfully

2024-07-25 07:49:57 - [MESSAGE][PASSED] - Taking screenshot successfully
[[ATTACHMENT|C:\\Users\\lenovo\\git\\sauce-demo-katalon\\Reports\\20240725_074828\\Transaction\\TS - Transaction\\20240725_074828\\1721868597747.png]]

2024-07-25 07:49:57 - [MESSAGE][PASSED] - Call Test Case 'Test Cases/Transaction/T04 - Cart Page - Remove Item' successfully

2024-07-25 07:49:57 - [TEST_STEP][FAILED] - verifyElementNotClickable(findTestObject("Transaction/Cart/button_Checkout")): Unable to verify object 'Object Repository/Transaction/Cart/button_Checkout' to be NOT clickable (Root cause: com.kms.katalon.core.exception.StepFailedException: Unable to verify object 'Object Repository/Transaction/Cart/button_Checkout' to be NOT clickable
	at com.kms.katalon.core.webui.keyword.internal.WebUIKeywordMain.stepFailed(WebUIKeywordMain.groovy:64)
	at com.kms.katalon.core.webui.keyword.internal.WebUIKeywordMain.runKeyword(WebUIKeywordMain.groovy:26)
	at com.kms.katalon.core.webui.keyword.builtin.VerifyElementNotClickableKeyword.verifyElementNotClickable(VerifyElementNotClickableKeyword.groovy:96)
	at com.kms.katalon.core.webui.keyword.builtin.VerifyElementNotClickableKeyword.execute(VerifyElementNotClickableKeyword.groovy:67)
	at com.kms.katalon.core.keyword.internal.KeywordExecutor.executeKeywordForPlatform(KeywordExecutor.groovy:74)
	at com.kms.katalon.core.webui.keyword.WebUiBuiltInKeywords.verifyElementNotClickable(WebUiBuiltInKeywords.groovy:595)
	at com.kms.katalon.core.webui.keyword.WebUiBuiltInKeywords$verifyElementNotClickable$8.call(Unknown Source)
	at T06 - Cart Page - Blank Cart Item.run(T06 - Cart Page - Blank Cart Item:24)
	at com.kms.katalon.core.main.ScriptEngine.run(ScriptEngine.java:194)
	at com.kms.katalon.core.main.ScriptEngine.runScriptAsRawText(ScriptEngine.java:119)
	at com.kms.katalon.core.main.TestCaseExecutor.runScript(TestCaseExecutor.java:448)
	at com.kms.katalon.core.main.TestCaseExecutor.doExecute(TestCaseExecutor.java:439)
	at com.kms.katalon.core.main.TestCaseExecutor.processExecutionPhase(TestCaseExecutor.java:418)
	at com.kms.katalon.core.main.TestCaseExecutor.accessMainPhase(TestCaseExecutor.java:410)
	at com.kms.katalon.core.main.TestCaseExecutor.execute(TestCaseExecutor.java:285)
	at com.kms.katalon.core.common.CommonExecutor.accessTestCaseMainPhase(CommonExecutor.java:65)
	at com.kms.katalon.core.main.TestSuiteExecutor.accessTestSuiteMainPhase(TestSuiteExecutor.java:148)
	at com.kms.katalon.core.main.TestSuiteExecutor.execute(TestSuiteExecutor.java:106)
	at com.kms.katalon.core.main.TestCaseMain.startTestSuite(TestCaseMain.java:187)
	at com.kms.katalon.core.main.TestCaseMain$startTestSuite$0.call(Unknown Source)
	at TempTestSuite1721868508261.run(TempTestSuite1721868508261.groovy:35)
Caused by: com.kms.katalon.core.exception.StepFailedException: Object 'Object Repository/Transaction/Cart/button_Checkout' is clickable
	at com.kms.katalon.core.webui.keyword.internal.WebUIKeywordMain.stepFailed(WebUIKeywordMain.groovy:64)
	at com.kms.katalon.core.webui.keyword.builtin.VerifyElementNotClickableKeyword$_verifyElementNotClickable_closure1.doCall(VerifyElementNotClickableKeyword.groovy:80)
	at com.kms.katalon.core.webui.keyword.builtin.VerifyElementNotClickableKeyword$_verifyElementNotClickable_closure1.call(VerifyElementNotClickableKeyword.groovy)
	at com.kms.katalon.core.webui.keyword.internal.WebUIKeywordMain.runKeyword(WebUIKeywordMain.groovy:20)
	... 19 more
)

2024-07-25 07:50:00 - [MESSAGE][FAILED] - Object 'Object Repository/Transaction/Cart/button_Checkout' is clickable (Root cause: com.kms.katalon.core.exception.StepFailedException: Object 'Object Repository/Transaction/Cart/button_Checkout' is clickable
	at com.kms.katalon.core.webui.keyword.internal.WebUIKeywordMain.stepFailed(WebUIKeywordMain.groovy:64)
	at com.kms.katalon.core.webui.keyword.builtin.VerifyElementNotClickableKeyword$_verifyElementNotClickable_closure1.doCall(VerifyElementNotClickableKeyword.groovy:80)
	at com.kms.katalon.core.webui.keyword.builtin.VerifyElementNotClickableKeyword$_verifyElementNotClickable_closure1.call(VerifyElementNotClickableKeyword.groovy)
	at com.kms.katalon.core.webui.keyword.internal.WebUIKeywordMain.runKeyword(WebUIKeywordMain.groovy:20)
	at com.kms.katalon.core.webui.keyword.builtin.VerifyElementNotClickableKeyword.verifyElementNotClickable(VerifyElementNotClickableKeyword.groovy:96)
	at com.kms.katalon.core.webui.keyword.builtin.VerifyElementNotClickableKeyword.execute(VerifyElementNotClickableKeyword.groovy:67)
	at com.kms.katalon.core.keyword.internal.KeywordExecutor.executeKeywordForPlatform(KeywordExecutor.groovy:74)
	at com.kms.katalon.core.webui.keyword.WebUiBuiltInKeywords.verifyElementNotClickable(WebUiBuiltInKeywords.groovy:595)
	at com.kms.katalon.core.webui.keyword.WebUiBuiltInKeywords$verifyElementNotClickable$8.call(Unknown Source)
	at T06 - Cart Page - Blank Cart Item.run(T06 - Cart Page - Blank Cart Item:24)
	at com.kms.katalon.core.main.ScriptEngine.run(ScriptEngine.java:194)
	at com.kms.katalon.core.main.ScriptEngine.runScriptAsRawText(ScriptEngine.java:119)
	at com.kms.katalon.core.main.TestCaseExecutor.runScript(TestCaseExecutor.java:448)
	at com.kms.katalon.core.main.TestCaseExecutor.doExecute(TestCaseExecutor.java:439)
	at com.kms.katalon.core.main.TestCaseExecutor.processExecutionPhase(TestCaseExecutor.java:418)
	at com.kms.katalon.core.main.TestCaseExecutor.accessMainPhase(TestCaseExecutor.java:410)
	at com.kms.katalon.core.main.TestCaseExecutor.execute(TestCaseExecutor.java:285)
	at com.kms.katalon.core.common.CommonExecutor.accessTestCaseMainPhase(CommonExecutor.java:65)
	at com.kms.katalon.core.main.TestSuiteExecutor.accessTestSuiteMainPhase(TestSuiteExecutor.java:148)
	at com.kms.katalon.core.main.TestSuiteExecutor.execute(TestSuiteExecutor.java:106)
	at com.kms.katalon.core.main.TestCaseMain.startTestSuite(TestCaseMain.java:187)
	at com.kms.katalon.core.main.TestCaseMain$startTestSuite$0.call(Unknown Source)
	at TempTestSuite1721868508261.run(TempTestSuite1721868508261.groovy:35)
)
[[ATTACHMENT|C:\\Users\\lenovo\\git\\sauce-demo-katalon\\Reports\\20240725_074828\\Transaction\\TS - Transaction\\20240725_074828\\1721868600531.png]]

2024-07-25 07:50:00 - [MESSAGE][FAILED] - Unable to verify object 'Object Repository/Transaction/Cart/button_Checkout' to be NOT clickable (Root cause: com.kms.katalon.core.exception.StepFailedException: Unable to verify object 'Object Repository/Transaction/Cart/button_Checkout' to be NOT clickable
	at com.kms.katalon.core.webui.keyword.internal.WebUIKeywordMain.stepFailed(WebUIKeywordMain.groovy:64)
	at com.kms.katalon.core.webui.keyword.internal.WebUIKeywordMain.runKeyword(WebUIKeywordMain.groovy:26)
	at com.kms.katalon.core.webui.keyword.builtin.VerifyElementNotClickableKeyword.verifyElementNotClickable(VerifyElementNotClickableKeyword.groovy:96)
	at com.kms.katalon.core.webui.keyword.builtin.VerifyElementNotClickableKeyword.execute(VerifyElementNotClickableKeyword.groovy:67)
	at com.kms.katalon.core.keyword.internal.KeywordExecutor.executeKeywordForPlatform(KeywordExecutor.groovy:74)
	at com.kms.katalon.core.webui.keyword.WebUiBuiltInKeywords.verifyElementNotClickable(WebUiBuiltInKeywords.groovy:595)
	at com.kms.katalon.core.webui.keyword.WebUiBuiltInKeywords$verifyElementNotClickable$8.call(Unknown Source)
	at T06 - Cart Page - Blank Cart Item.run(T06 - Cart Page - Blank Cart Item:24)
	at com.kms.katalon.core.main.ScriptEngine.run(ScriptEngine.java:194)
	at com.kms.katalon.core.main.ScriptEngine.runScriptAsRawText(ScriptEngine.java:119)
	at com.kms.katalon.core.main.TestCaseExecutor.runScript(TestCaseExecutor.java:448)
	at com.kms.katalon.core.main.TestCaseExecutor.doExecute(TestCaseExecutor.java:439)
	at com.kms.katalon.core.main.TestCaseExecutor.processExecutionPhase(TestCaseExecutor.java:418)
	at com.kms.katalon.core.main.TestCaseExecutor.accessMainPhase(TestCaseExecutor.java:410)
	at com.kms.katalon.core.main.TestCaseExecutor.execute(TestCaseExecutor.java:285)
	at com.kms.katalon.core.common.CommonExecutor.accessTestCaseMainPhase(CommonExecutor.java:65)
	at com.kms.katalon.core.main.TestSuiteExecutor.accessTestSuiteMainPhase(TestSuiteExecutor.java:148)
	at com.kms.katalon.core.main.TestSuiteExecutor.execute(TestSuiteExecutor.java:106)
	at com.kms.katalon.core.main.TestCaseMain.startTestSuite(TestCaseMain.java:187)
	at com.kms.katalon.core.main.TestCaseMain$startTestSuite$0.call(Unknown Source)
	at TempTestSuite1721868508261.run(TempTestSuite1721868508261.groovy:35)
Caused by: com.kms.katalon.core.exception.StepFailedException: Object 'Object Repository/Transaction/Cart/button_Checkout' is clickable
	at com.kms.katalon.core.webui.keyword.internal.WebUIKeywordMain.stepFailed(WebUIKeywordMain.groovy:64)
	at com.kms.katalon.core.webui.keyword.builtin.VerifyElementNotClickableKeyword$_verifyElementNotClickable_closure1.doCall(VerifyElementNotClickableKeyword.groovy:80)
	at com.kms.katalon.core.webui.keyword.builtin.VerifyElementNotClickableKeyword$_verifyElementNotClickable_closure1.call(VerifyElementNotClickableKeyword.groovy)
	at com.kms.katalon.core.webui.keyword.internal.WebUIKeywordMain.runKeyword(WebUIKeywordMain.groovy:20)
	... 19 more
)
[[ATTACHMENT|C:\\Users\\lenovo\\git\\sauce-demo-katalon\\Reports\\20240725_074828\\Transaction\\TS - Transaction\\20240725_074828\\1721868600668.png]]]]></system-out>
         <system-err><![CDATA[2024-07-25 07:49:43 - [TEST_CASE][FAILED] - Test Cases/Transaction/T06 - Cart Page - Blank Cart Item: Test Cases/Transaction/T06 - Cart Page - Blank Cart Item FAILED.
Reason:
com.kms.katalon.core.exception.StepFailedException: Unable to verify object 'Object Repository/Transaction/Cart/button_Checkout' to be NOT clickable
	at com.kms.katalon.core.webui.keyword.internal.WebUIKeywordMain.stepFailed(WebUIKeywordMain.groovy:64)
	at com.kms.katalon.core.webui.keyword.internal.WebUIKeywordMain.runKeyword(WebUIKeywordMain.groovy:26)
	at com.kms.katalon.core.webui.keyword.builtin.VerifyElementNotClickableKeyword.verifyElementNotClickable(VerifyElementNotClickableKeyword.groovy:96)
	at com.kms.katalon.core.webui.keyword.builtin.VerifyElementNotClickableKeyword.execute(VerifyElementNotClickableKeyword.groovy:67)
	at com.kms.katalon.core.keyword.internal.KeywordExecutor.executeKeywordForPlatform(KeywordExecutor.groovy:74)
	at com.kms.katalon.core.webui.keyword.WebUiBuiltInKeywords.verifyElementNotClickable(WebUiBuiltInKeywords.groovy:595)
	at com.kms.katalon.core.webui.keyword.WebUiBuiltInKeywords$verifyElementNotClickable$8.call(Unknown Source)
	at T06 - Cart Page - Blank Cart Item.run(T06 - Cart Page - Blank Cart Item:24)
	at com.kms.katalon.core.main.ScriptEngine.run(ScriptEngine.java:194)
	at com.kms.katalon.core.main.ScriptEngine.runScriptAsRawText(ScriptEngine.java:119)
	at com.kms.katalon.core.main.TestCaseExecutor.runScript(TestCaseExecutor.java:448)
	at com.kms.katalon.core.main.TestCaseExecutor.doExecute(TestCaseExecutor.java:439)
	at com.kms.katalon.core.main.TestCaseExecutor.processExecutionPhase(TestCaseExecutor.java:418)
	at com.kms.katalon.core.main.TestCaseExecutor.accessMainPhase(TestCaseExecutor.java:410)
	at com.kms.katalon.core.main.TestCaseExecutor.execute(TestCaseExecutor.java:285)
	at com.kms.katalon.core.common.CommonExecutor.accessTestCaseMainPhase(CommonExecutor.java:65)
	at com.kms.katalon.core.main.TestSuiteExecutor.accessTestSuiteMainPhase(TestSuiteExecutor.java:148)
	at com.kms.katalon.core.main.TestSuiteExecutor.execute(TestSuiteExecutor.java:106)
	at com.kms.katalon.core.main.TestCaseMain.startTestSuite(TestCaseMain.java:187)
	at com.kms.katalon.core.main.TestCaseMain$startTestSuite$0.call(Unknown Source)
	at TempTestSuite1721868508261.run(TempTestSuite1721868508261.groovy:35)
Caused by: com.kms.katalon.core.exception.StepFailedException: Object 'Object Repository/Transaction/Cart/button_Checkout' is clickable
	at com.kms.katalon.core.webui.keyword.internal.WebUIKeywordMain.stepFailed(WebUIKeywordMain.groovy:64)
	at com.kms.katalon.core.webui.keyword.builtin.VerifyElementNotClickableKeyword$_verifyElementNotClickable_closure1.doCall(VerifyElementNotClickableKeyword.groovy:80)
	at com.kms.katalon.core.webui.keyword.builtin.VerifyElementNotClickableKeyword$_verifyElementNotClickable_closure1.call(VerifyElementNotClickableKeyword.groovy)
	at com.kms.katalon.core.webui.keyword.internal.WebUIKeywordMain.runKeyword(WebUIKeywordMain.groovy:20)
	... 19 more]]></system-err>
      </testcase>
      <testcase name="Test Cases/Transaction/T07 - Information Page - Fill Form - Continue" time="19.657" classname="Test Cases/Transaction/T07 - Information Page - Fill Form - Continue" status="PASSED">
         <system-out><![CDATA[2024-07-25 07:50:00 - [TEST_CASE][PASSED] - Test Cases/Transaction/T07 - Information Page - Fill Form - Continue: Test Cases/Transaction/T07 - Information Page - Fill Form - Continue

2024-07-25 07:50:01 - [TEST_STEP][PASSED] - callTestCase(findTestCase("Transaction/T03 - Cart Page - Checkout"), [:], STOP_ON_FAILURE): Call Test Case 'Test Cases/Transaction/T03 - Cart Page - Checkout' successfully

2024-07-25 07:50:01 - [TEST_CASE][PASSED] - Test Cases/Transaction/T03 - Cart Page - Checkout: Test Cases/Transaction/T03 - Cart Page - Checkout

2024-07-25 07:50:01 - [TEST_STEP][PASSED] - callTestCase(findTestCase("Transaction/T02 - Pick Product From Homepage"), ["product_name":"Sauce Labs Bike Light", "product_id":"sauce-labs-bike-light", "detail_product_page":"0"], STOP_ON_FAILURE): Call Test Case 'Test Cases/Transaction/T02 - Pick Product From Homepage' successfully

2024-07-25 07:50:01 - [TEST_CASE][PASSED] - Test Cases/Transaction/T02 - Pick Product From Homepage: Test Cases/Transaction/T02 - Pick Product From Homepage

2024-07-25 07:50:01 - [TEST_STEP][PASSED] - callTestCase(findTestCase("Login/L01 - Login Success"), ["username":"standard_user", "password":"secret_sauce"], STOP_ON_FAILURE): Call Test Case 'Test Cases/Login/L01 - Login Success' successfully

2024-07-25 07:50:01 - [TEST_CASE][PASSED] - Test Cases/Login/L01 - Login Success: Test Cases/Login/L01 - Login Success

2024-07-25 07:50:01 - [TEST_STEP][PASSED] - openBrowser(""): Browser is opened with url: ''

2024-07-25 07:50:01 - [MESSAGE][WARNING] - A browser is already opened. Closing browser and opening a new one

2024-07-25 07:50:02 - [MESSAGE][INFO] - Starting 'Chrome' driver

2024-07-25 07:50:02 - [MESSAGE][INFO] - Action delay is set to 0 milliseconds

2024-07-25 07:50:03 - [MESSAGE][PASSED] - Browser is opened with url: ''

2024-07-25 07:50:03 - [TEST_STEP][PASSED] - navigateToUrl("https://www.saucedemo.com/"): Navigate to 'https://www.saucedemo.com/' successfully

2024-07-25 07:50:04 - [MESSAGE][PASSED] - Navigate to 'https://www.saucedemo.com/' successfully

2024-07-25 07:50:04 - [TEST_STEP][PASSED] - maximizeWindow(): Current window maximized

2024-07-25 07:50:04 - [MESSAGE][PASSED] - Current window maximized

2024-07-25 07:50:04 - [TEST_STEP][PASSED] - setText(findTestObject("Object Repository/Login-Page/input_username"), username): Text 'standard_user' is set on object 'Object Repository/Login-Page/input_username'

2024-07-25 07:50:06 - [MESSAGE][PASSED] - Text 'standard_user' is set on object 'Object Repository/Login-Page/input_username'

2024-07-25 07:50:06 - [TEST_STEP][PASSED] - setText(findTestObject("Object Repository/Login-Page/input_password"), password): Text 'secret_sauce' is set on object 'Object Repository/Login-Page/input_password'

2024-07-25 07:50:07 - [MESSAGE][PASSED] - Text 'secret_sauce' is set on object 'Object Repository/Login-Page/input_password'

2024-07-25 07:50:07 - [TEST_STEP][PASSED] - click(findTestObject("Object Repository/Login-Page/login-button")): Object: 'Object Repository/Login-Page/login-button' is clicked on

2024-07-25 07:50:08 - [MESSAGE][PASSED] - Object: 'Object Repository/Login-Page/login-button' is clicked on

2024-07-25 07:50:08 - [TEST_STEP][PASSED] - verifyElementVisible(findTestObject("Login-Page/header_logo")): Object 'Object Repository/Login-Page/header_logo' is visible

2024-07-25 07:50:08 - [MESSAGE][PASSED] - Object 'Object Repository/Login-Page/header_logo' is visible

2024-07-25 07:50:08 - [TEST_STEP][PASSED] - takeFullPageScreenshot(): Taking screenshot successfully

2024-07-25 07:50:09 - [MESSAGE][INFO] - 0 hidden object(s)

2024-07-25 07:50:09 - [MESSAGE][PASSED] - Taking screenshot successfully
[[ATTACHMENT|C:\\Users\\lenovo\\git\\sauce-demo-katalon\\Reports\\20240725_074828\\Transaction\\TS - Transaction\\20240725_074828\\1721868608559.png]]

2024-07-25 07:50:09 - [MESSAGE][PASSED] - Call Test Case 'Test Cases/Login/L01 - Login Success' successfully

2024-07-25 07:50:09 - [TEST_STEP][PASSED] - verifyElementVisible(findTestObject("Transaction/Inventory-page/product_name", ["product_name":product_name])): Object 'Object Repository/Transaction/Inventory-page/product_name' is visible

2024-07-25 07:50:09 - [MESSAGE][PASSED] - Object 'Object Repository/Transaction/Inventory-page/product_name' is visible

2024-07-25 07:50:09 - [TEST_STEP][PASSED] - click(findTestObject("Transaction/Inventory-page/button_Add to cart", ["product_id":product_id])): Object: 'Object Repository/Transaction/Inventory-page/button_Add to cart' is clicked on

2024-07-25 07:50:10 - [MESSAGE][PASSED] - Object: 'Object Repository/Transaction/Inventory-page/button_Add to cart' is clicked on

2024-07-25 07:50:10 - [TEST_STEP][PASSED] - verifyElementVisible(findTestObject("Transaction/General/label_shopping_cart_badge")): Object 'Object Repository/Transaction/General/label_shopping_cart_badge' is visible

2024-07-25 07:50:10 - [MESSAGE][PASSED] - Object 'Object Repository/Transaction/General/label_shopping_cart_badge' is visible

2024-07-25 07:50:10 - [TEST_STEP][PASSED] - takeFullPageScreenshot(): Taking screenshot successfully

2024-07-25 07:50:11 - [MESSAGE][INFO] - 0 hidden object(s)

2024-07-25 07:50:11 - [MESSAGE][PASSED] - Taking screenshot successfully
[[ATTACHMENT|C:\\Users\\lenovo\\git\\sauce-demo-katalon\\Reports\\20240725_074828\\Transaction\\TS - Transaction\\20240725_074828\\1721868610779.png]]

2024-07-25 07:50:11 - [MESSAGE][PASSED] - Call Test Case 'Test Cases/Transaction/T02 - Pick Product From Homepage' successfully

2024-07-25 07:50:11 - [TEST_STEP][PASSED] - click(findTestObject("Transaction/General/icon_shopping_cart")): Object: 'Object Repository/Transaction/General/icon_shopping_cart' is clicked on

2024-07-25 07:50:12 - [MESSAGE][PASSED] - Object: 'Object Repository/Transaction/General/icon_shopping_cart' is clicked on

2024-07-25 07:50:12 - [TEST_STEP][PASSED] - verifyElementVisible(findTestObject("Transaction/Cart/span_title - Your Cart")): Object 'Object Repository/Transaction/Cart/span_title - Your Cart' is visible

2024-07-25 07:50:12 - [MESSAGE][PASSED] - Object 'Object Repository/Transaction/Cart/span_title - Your Cart' is visible

2024-07-25 07:50:12 - [TEST_STEP][PASSED] - verifyElementVisible(findTestObject("Transaction/Cart/container_cart item")): Object 'Object Repository/Transaction/Cart/container_cart item' is visible

2024-07-25 07:50:12 - [MESSAGE][PASSED] - Object 'Object Repository/Transaction/Cart/container_cart item' is visible

2024-07-25 07:50:12 - [TEST_STEP][PASSED] - takeFullPageScreenshot(): Taking screenshot successfully

2024-07-25 07:50:13 - [MESSAGE][INFO] - 0 hidden object(s)

2024-07-25 07:50:13 - [MESSAGE][PASSED] - Taking screenshot successfully
[[ATTACHMENT|C:\\Users\\lenovo\\git\\sauce-demo-katalon\\Reports\\20240725_074828\\Transaction\\TS - Transaction\\20240725_074828\\1721868612907.png]]

2024-07-25 07:50:13 - [TEST_STEP][PASSED] - click(findTestObject("Transaction/Cart/button_Checkout")): Object: 'Object Repository/Transaction/Cart/button_Checkout' is clicked on

2024-07-25 07:50:13 - [MESSAGE][PASSED] - Object: 'Object Repository/Transaction/Cart/button_Checkout' is clicked on

2024-07-25 07:50:13 - [TEST_STEP][PASSED] - verifyElementVisible(findTestObject("Transaction/Checkout - Information/span_title - Checkout Your Information")): Object 'Object Repository/Transaction/Checkout - Information/span_title - Checkout Your Information' is visible

2024-07-25 07:50:14 - [MESSAGE][PASSED] - Object 'Object Repository/Transaction/Checkout - Information/span_title - Checkout Your Information' is visible

2024-07-25 07:50:14 - [MESSAGE][PASSED] - Call Test Case 'Test Cases/Transaction/T03 - Cart Page - Checkout' successfully

2024-07-25 07:50:14 - [TEST_STEP][PASSED] - setText(findTestObject("Transaction/Checkout - Information/input_Checkout Your Information_firstName"), first_name): Text 'Ruth' is set on object 'Object Repository/Transaction/Checkout - Information/input_Checkout Your Information_firstName'

2024-07-25 07:50:15 - [MESSAGE][PASSED] - Text 'Ruth' is set on object 'Object Repository/Transaction/Checkout - Information/input_Checkout Your Information_firstName'

2024-07-25 07:50:15 - [TEST_STEP][PASSED] - setText(findTestObject("Transaction/Checkout - Information/input_Checkout Your Information_lastName"), last_name): Text 'Silalahi' is set on object 'Object Repository/Transaction/Checkout - Information/input_Checkout Your Information_lastName'

2024-07-25 07:50:17 - [MESSAGE][PASSED] - Text 'Silalahi' is set on object 'Object Repository/Transaction/Checkout - Information/input_Checkout Your Information_lastName'

2024-07-25 07:50:17 - [TEST_STEP][PASSED] - setText(findTestObject("Transaction/Checkout - Information/input_Checkout Your Information_postalCode"), postal_code): Text '63411' is set on object 'Object Repository/Transaction/Checkout - Information/input_Checkout Your Information_postalCode'

2024-07-25 07:50:18 - [MESSAGE][PASSED] - Text '63411' is set on object 'Object Repository/Transaction/Checkout - Information/input_Checkout Your Information_postalCode'

2024-07-25 07:50:18 - [TEST_STEP][PASSED] - takeScreenshot(): Taking screenshot successfully

2024-07-25 07:50:19 - [MESSAGE][PASSED] - Taking screenshot successfully
[[ATTACHMENT|C:\\Users\\lenovo\\git\\sauce-demo-katalon\\Reports\\20240725_074828\\Transaction\\TS - Transaction\\20240725_074828\\1721868619358.png]]

2024-07-25 07:50:19 - [TEST_STEP][PASSED] - click(findTestObject("Transaction/Checkout - Information/button_Continue")): Object: 'Object Repository/Transaction/Checkout - Information/button_Continue' is clicked on

2024-07-25 07:50:19 - [MESSAGE][PASSED] - Object: 'Object Repository/Transaction/Checkout - Information/button_Continue' is clicked on

2024-07-25 07:50:19 - [TEST_STEP][PASSED] - verifyElementVisible(findTestObject("Transaction/Checkout - Overview/span_Checkout Overview")): Object 'Object Repository/Transaction/Checkout - Overview/span_Checkout Overview' is visible

2024-07-25 07:50:20 - [MESSAGE][PASSED] - Object 'Object Repository/Transaction/Checkout - Overview/span_Checkout Overview' is visible]]></system-out>
         <system-err><![CDATA[]]></system-err>
      </testcase>
      <testcase name="Test Cases/Transaction/T08 - Information Page - Full Name Null" time="19.762" classname="Test Cases/Transaction/T08 - Information Page - Full Name Null" status="PASSED">
         <system-out><![CDATA[2024-07-25 07:50:20 - [TEST_CASE][PASSED] - Test Cases/Transaction/T08 - Information Page - Full Name Null: Test Cases/Transaction/T08 - Information Page - Full Name Null

2024-07-25 07:50:21 - [TEST_STEP][PASSED] - callTestCase(findTestCase("Transaction/T03 - Cart Page - Checkout"), [:], STOP_ON_FAILURE): Call Test Case 'Test Cases/Transaction/T03 - Cart Page - Checkout' successfully

2024-07-25 07:50:21 - [TEST_CASE][PASSED] - Test Cases/Transaction/T03 - Cart Page - Checkout: Test Cases/Transaction/T03 - Cart Page - Checkout

2024-07-25 07:50:21 - [TEST_STEP][PASSED] - callTestCase(findTestCase("Transaction/T02 - Pick Product From Homepage"), ["product_name":"Sauce Labs Bike Light", "product_id":"sauce-labs-bike-light", "detail_product_page":"0"], STOP_ON_FAILURE): Call Test Case 'Test Cases/Transaction/T02 - Pick Product From Homepage' successfully

2024-07-25 07:50:21 - [TEST_CASE][PASSED] - Test Cases/Transaction/T02 - Pick Product From Homepage: Test Cases/Transaction/T02 - Pick Product From Homepage

2024-07-25 07:50:21 - [TEST_STEP][PASSED] - callTestCase(findTestCase("Login/L01 - Login Success"), ["username":"standard_user", "password":"secret_sauce"], STOP_ON_FAILURE): Call Test Case 'Test Cases/Login/L01 - Login Success' successfully

2024-07-25 07:50:21 - [TEST_CASE][PASSED] - Test Cases/Login/L01 - Login Success: Test Cases/Login/L01 - Login Success

2024-07-25 07:50:21 - [TEST_STEP][PASSED] - openBrowser(""): Browser is opened with url: ''

2024-07-25 07:50:21 - [MESSAGE][WARNING] - A browser is already opened. Closing browser and opening a new one

2024-07-25 07:50:22 - [MESSAGE][INFO] - Starting 'Chrome' driver

2024-07-25 07:50:22 - [MESSAGE][INFO] - Action delay is set to 0 milliseconds

2024-07-25 07:50:23 - [MESSAGE][PASSED] - Browser is opened with url: ''

2024-07-25 07:50:23 - [TEST_STEP][PASSED] - navigateToUrl("https://www.saucedemo.com/"): Navigate to 'https://www.saucedemo.com/' successfully

2024-07-25 07:50:23 - [MESSAGE][PASSED] - Navigate to 'https://www.saucedemo.com/' successfully

2024-07-25 07:50:23 - [TEST_STEP][PASSED] - maximizeWindow(): Current window maximized

2024-07-25 07:50:23 - [MESSAGE][PASSED] - Current window maximized

2024-07-25 07:50:23 - [TEST_STEP][PASSED] - setText(findTestObject("Object Repository/Login-Page/input_username"), username): Text 'standard_user' is set on object 'Object Repository/Login-Page/input_username'

2024-07-25 07:50:26 - [MESSAGE][PASSED] - Text 'standard_user' is set on object 'Object Repository/Login-Page/input_username'

2024-07-25 07:50:26 - [TEST_STEP][PASSED] - setText(findTestObject("Object Repository/Login-Page/input_password"), password): Text 'secret_sauce' is set on object 'Object Repository/Login-Page/input_password'

2024-07-25 07:50:27 - [MESSAGE][PASSED] - Text 'secret_sauce' is set on object 'Object Repository/Login-Page/input_password'

2024-07-25 07:50:27 - [TEST_STEP][PASSED] - click(findTestObject("Object Repository/Login-Page/login-button")): Object: 'Object Repository/Login-Page/login-button' is clicked on

2024-07-25 07:50:27 - [MESSAGE][PASSED] - Object: 'Object Repository/Login-Page/login-button' is clicked on

2024-07-25 07:50:27 - [TEST_STEP][PASSED] - verifyElementVisible(findTestObject("Login-Page/header_logo")): Object 'Object Repository/Login-Page/header_logo' is visible

2024-07-25 07:50:28 - [MESSAGE][PASSED] - Object 'Object Repository/Login-Page/header_logo' is visible

2024-07-25 07:50:28 - [TEST_STEP][PASSED] - takeFullPageScreenshot(): Taking screenshot successfully

2024-07-25 07:50:28 - [MESSAGE][INFO] - 0 hidden object(s)

2024-07-25 07:50:28 - [MESSAGE][PASSED] - Taking screenshot successfully
[[ATTACHMENT|C:\\Users\\lenovo\\git\\sauce-demo-katalon\\Reports\\20240725_074828\\Transaction\\TS - Transaction\\20240725_074828\\1721868628124.png]]

2024-07-25 07:50:28 - [MESSAGE][PASSED] - Call Test Case 'Test Cases/Login/L01 - Login Success' successfully

2024-07-25 07:50:28 - [TEST_STEP][PASSED] - verifyElementVisible(findTestObject("Transaction/Inventory-page/product_name", ["product_name":product_name])): Object 'Object Repository/Transaction/Inventory-page/product_name' is visible

2024-07-25 07:50:29 - [MESSAGE][PASSED] - Object 'Object Repository/Transaction/Inventory-page/product_name' is visible

2024-07-25 07:50:29 - [TEST_STEP][PASSED] - click(findTestObject("Transaction/Inventory-page/button_Add to cart", ["product_id":product_id])): Object: 'Object Repository/Transaction/Inventory-page/button_Add to cart' is clicked on

2024-07-25 07:50:29 - [MESSAGE][PASSED] - Object: 'Object Repository/Transaction/Inventory-page/button_Add to cart' is clicked on

2024-07-25 07:50:29 - [TEST_STEP][PASSED] - verifyElementVisible(findTestObject("Transaction/General/label_shopping_cart_badge")): Object 'Object Repository/Transaction/General/label_shopping_cart_badge' is visible

2024-07-25 07:50:30 - [MESSAGE][PASSED] - Object 'Object Repository/Transaction/General/label_shopping_cart_badge' is visible

2024-07-25 07:50:30 - [TEST_STEP][PASSED] - takeFullPageScreenshot(): Taking screenshot successfully

2024-07-25 07:50:30 - [MESSAGE][INFO] - 0 hidden object(s)

2024-07-25 07:50:31 - [MESSAGE][PASSED] - Taking screenshot successfully
[[ATTACHMENT|C:\\Users\\lenovo\\git\\sauce-demo-katalon\\Reports\\20240725_074828\\Transaction\\TS - Transaction\\20240725_074828\\1721868630207.png]]

2024-07-25 07:50:31 - [MESSAGE][PASSED] - Call Test Case 'Test Cases/Transaction/T02 - Pick Product From Homepage' successfully

2024-07-25 07:50:31 - [TEST_STEP][PASSED] - click(findTestObject("Transaction/General/icon_shopping_cart")): Object: 'Object Repository/Transaction/General/icon_shopping_cart' is clicked on

2024-07-25 07:50:31 - [MESSAGE][PASSED] - Object: 'Object Repository/Transaction/General/icon_shopping_cart' is clicked on

2024-07-25 07:50:31 - [TEST_STEP][PASSED] - verifyElementVisible(findTestObject("Transaction/Cart/span_title - Your Cart")): Object 'Object Repository/Transaction/Cart/span_title - Your Cart' is visible

2024-07-25 07:50:31 - [MESSAGE][PASSED] - Object 'Object Repository/Transaction/Cart/span_title - Your Cart' is visible

2024-07-25 07:50:31 - [TEST_STEP][PASSED] - verifyElementVisible(findTestObject("Transaction/Cart/container_cart item")): Object 'Object Repository/Transaction/Cart/container_cart item' is visible

2024-07-25 07:50:32 - [MESSAGE][PASSED] - Object 'Object Repository/Transaction/Cart/container_cart item' is visible

2024-07-25 07:50:32 - [TEST_STEP][PASSED] - takeFullPageScreenshot(): Taking screenshot successfully

2024-07-25 07:50:32 - [MESSAGE][INFO] - 0 hidden object(s)

2024-07-25 07:50:33 - [MESSAGE][PASSED] - Taking screenshot successfully
[[ATTACHMENT|C:\\Users\\lenovo\\git\\sauce-demo-katalon\\Reports\\20240725_074828\\Transaction\\TS - Transaction\\20240725_074828\\1721868632389.png]]

2024-07-25 07:50:33 - [TEST_STEP][PASSED] - click(findTestObject("Transaction/Cart/button_Checkout")): Object: 'Object Repository/Transaction/Cart/button_Checkout' is clicked on

2024-07-25 07:50:33 - [MESSAGE][PASSED] - Object: 'Object Repository/Transaction/Cart/button_Checkout' is clicked on

2024-07-25 07:50:33 - [TEST_STEP][PASSED] - verifyElementVisible(findTestObject("Transaction/Checkout - Information/span_title - Checkout Your Information")): Object 'Object Repository/Transaction/Checkout - Information/span_title - Checkout Your Information' is visible

2024-07-25 07:50:33 - [MESSAGE][PASSED] - Object 'Object Repository/Transaction/Checkout - Information/span_title - Checkout Your Information' is visible

2024-07-25 07:50:33 - [MESSAGE][PASSED] - Call Test Case 'Test Cases/Transaction/T03 - Cart Page - Checkout' successfully

2024-07-25 07:50:33 - [TEST_STEP][PASSED] - verifyElementVisible(findTestObject("Transaction/Checkout - Information/span_title - Checkout Your Information")): Object 'Object Repository/Transaction/Checkout - Information/span_title - Checkout Your Information' is visible

2024-07-25 07:50:34 - [MESSAGE][PASSED] - Object 'Object Repository/Transaction/Checkout - Information/span_title - Checkout Your Information' is visible

2024-07-25 07:50:34 - [TEST_STEP][PASSED] - setText(findTestObject("Transaction/Checkout - Information/input_Checkout Your Information_firstName"), first_name): Text '' is set on object 'Object Repository/Transaction/Checkout - Information/input_Checkout Your Information_firstName'

2024-07-25 07:50:35 - [MESSAGE][PASSED] - Text '' is set on object 'Object Repository/Transaction/Checkout - Information/input_Checkout Your Information_firstName'

2024-07-25 07:50:35 - [TEST_STEP][PASSED] - setText(findTestObject("Transaction/Checkout - Information/input_Checkout Your Information_lastName"), last_name): Text 'Silalahi' is set on object 'Object Repository/Transaction/Checkout - Information/input_Checkout Your Information_lastName'

2024-07-25 07:50:37 - [MESSAGE][PASSED] - Text 'Silalahi' is set on object 'Object Repository/Transaction/Checkout - Information/input_Checkout Your Information_lastName'

2024-07-25 07:50:37 - [TEST_STEP][PASSED] - setText(findTestObject("Transaction/Checkout - Information/input_Checkout Your Information_postalCode"), postal_code): Text '63411' is set on object 'Object Repository/Transaction/Checkout - Information/input_Checkout Your Information_postalCode'

2024-07-25 07:50:38 - [MESSAGE][PASSED] - Text '63411' is set on object 'Object Repository/Transaction/Checkout - Information/input_Checkout Your Information_postalCode'

2024-07-25 07:50:38 - [TEST_STEP][PASSED] - click(findTestObject("Transaction/Checkout - Information/button_Continue")): Object: 'Object Repository/Transaction/Checkout - Information/button_Continue' is clicked on

2024-07-25 07:50:39 - [MESSAGE][PASSED] - Object: 'Object Repository/Transaction/Checkout - Information/button_Continue' is clicked on

2024-07-25 07:50:39 - [TEST_STEP][PASSED] - verifyElementVisible(findTestObject("Transaction/Checkout - Information/error-message_Error First Name is required")): Object 'Object Repository/Transaction/Checkout - Information/error-message_Error First Name is required' is visible

2024-07-25 07:50:39 - [MESSAGE][PASSED] - Object 'Object Repository/Transaction/Checkout - Information/error-message_Error First Name is required' is visible

2024-07-25 07:50:39 - [TEST_STEP][PASSED] - takeScreenshot(): Taking screenshot successfully

2024-07-25 07:50:40 - [MESSAGE][PASSED] - Taking screenshot successfully
[[ATTACHMENT|C:\\Users\\lenovo\\git\\sauce-demo-katalon\\Reports\\20240725_074828\\Transaction\\TS - Transaction\\20240725_074828\\1721868640117.png]]]]></system-out>
         <system-err><![CDATA[]]></system-err>
      </testcase>
      <testcase name="Test Cases/Transaction/T09 - Information Page - Last Name Null" time="19.86" classname="Test Cases/Transaction/T09 - Information Page - Last Name Null" status="PASSED">
         <system-out><![CDATA[2024-07-25 07:50:40 - [TEST_CASE][PASSED] - Test Cases/Transaction/T09 - Information Page - Last Name Null: Test Cases/Transaction/T09 - Information Page - Last Name Null

2024-07-25 07:50:40 - [TEST_STEP][PASSED] - callTestCase(findTestCase("Transaction/T03 - Cart Page - Checkout"), [:], STOP_ON_FAILURE): Call Test Case 'Test Cases/Transaction/T03 - Cart Page - Checkout' successfully

2024-07-25 07:50:40 - [TEST_CASE][PASSED] - Test Cases/Transaction/T03 - Cart Page - Checkout: Test Cases/Transaction/T03 - Cart Page - Checkout

2024-07-25 07:50:40 - [TEST_STEP][PASSED] - callTestCase(findTestCase("Transaction/T02 - Pick Product From Homepage"), ["product_name":"Sauce Labs Bike Light", "product_id":"sauce-labs-bike-light", "detail_product_page":"0"], STOP_ON_FAILURE): Call Test Case 'Test Cases/Transaction/T02 - Pick Product From Homepage' successfully

2024-07-25 07:50:40 - [TEST_CASE][PASSED] - Test Cases/Transaction/T02 - Pick Product From Homepage: Test Cases/Transaction/T02 - Pick Product From Homepage

2024-07-25 07:50:40 - [TEST_STEP][PASSED] - callTestCase(findTestCase("Login/L01 - Login Success"), ["username":"standard_user", "password":"secret_sauce"], STOP_ON_FAILURE): Call Test Case 'Test Cases/Login/L01 - Login Success' successfully

2024-07-25 07:50:41 - [TEST_CASE][PASSED] - Test Cases/Login/L01 - Login Success: Test Cases/Login/L01 - Login Success

2024-07-25 07:50:41 - [TEST_STEP][PASSED] - openBrowser(""): Browser is opened with url: ''

2024-07-25 07:50:41 - [MESSAGE][WARNING] - A browser is already opened. Closing browser and opening a new one

2024-07-25 07:50:41 - [MESSAGE][INFO] - Starting 'Chrome' driver

2024-07-25 07:50:41 - [MESSAGE][INFO] - Action delay is set to 0 milliseconds

2024-07-25 07:50:43 - [MESSAGE][PASSED] - Browser is opened with url: ''

2024-07-25 07:50:43 - [TEST_STEP][PASSED] - navigateToUrl("https://www.saucedemo.com/"): Navigate to 'https://www.saucedemo.com/' successfully

2024-07-25 07:50:43 - [MESSAGE][PASSED] - Navigate to 'https://www.saucedemo.com/' successfully

2024-07-25 07:50:43 - [TEST_STEP][PASSED] - maximizeWindow(): Current window maximized

2024-07-25 07:50:43 - [MESSAGE][PASSED] - Current window maximized

2024-07-25 07:50:43 - [TEST_STEP][PASSED] - setText(findTestObject("Object Repository/Login-Page/input_username"), username): Text 'standard_user' is set on object 'Object Repository/Login-Page/input_username'

2024-07-25 07:50:46 - [MESSAGE][PASSED] - Text 'standard_user' is set on object 'Object Repository/Login-Page/input_username'

2024-07-25 07:50:46 - [TEST_STEP][PASSED] - setText(findTestObject("Object Repository/Login-Page/input_password"), password): Text 'secret_sauce' is set on object 'Object Repository/Login-Page/input_password'

2024-07-25 07:50:47 - [MESSAGE][PASSED] - Text 'secret_sauce' is set on object 'Object Repository/Login-Page/input_password'

2024-07-25 07:50:47 - [TEST_STEP][PASSED] - click(findTestObject("Object Repository/Login-Page/login-button")): Object: 'Object Repository/Login-Page/login-button' is clicked on

2024-07-25 07:50:47 - [MESSAGE][PASSED] - Object: 'Object Repository/Login-Page/login-button' is clicked on

2024-07-25 07:50:47 - [TEST_STEP][PASSED] - verifyElementVisible(findTestObject("Login-Page/header_logo")): Object 'Object Repository/Login-Page/header_logo' is visible

2024-07-25 07:50:48 - [MESSAGE][PASSED] - Object 'Object Repository/Login-Page/header_logo' is visible

2024-07-25 07:50:48 - [TEST_STEP][PASSED] - takeFullPageScreenshot(): Taking screenshot successfully

2024-07-25 07:50:48 - [MESSAGE][INFO] - 0 hidden object(s)

2024-07-25 07:50:49 - [MESSAGE][PASSED] - Taking screenshot successfully
[[ATTACHMENT|C:\\Users\\lenovo\\git\\sauce-demo-katalon\\Reports\\20240725_074828\\Transaction\\TS - Transaction\\20240725_074828\\1721868648090.png]]

2024-07-25 07:50:49 - [MESSAGE][PASSED] - Call Test Case 'Test Cases/Login/L01 - Login Success' successfully

2024-07-25 07:50:49 - [TEST_STEP][PASSED] - verifyElementVisible(findTestObject("Transaction/Inventory-page/product_name", ["product_name":product_name])): Object 'Object Repository/Transaction/Inventory-page/product_name' is visible

2024-07-25 07:50:49 - [MESSAGE][PASSED] - Object 'Object Repository/Transaction/Inventory-page/product_name' is visible

2024-07-25 07:50:49 - [TEST_STEP][PASSED] - click(findTestObject("Transaction/Inventory-page/button_Add to cart", ["product_id":product_id])): Object: 'Object Repository/Transaction/Inventory-page/button_Add to cart' is clicked on

2024-07-25 07:50:49 - [MESSAGE][PASSED] - Object: 'Object Repository/Transaction/Inventory-page/button_Add to cart' is clicked on

2024-07-25 07:50:49 - [TEST_STEP][PASSED] - verifyElementVisible(findTestObject("Transaction/General/label_shopping_cart_badge")): Object 'Object Repository/Transaction/General/label_shopping_cart_badge' is visible

2024-07-25 07:50:50 - [MESSAGE][PASSED] - Object 'Object Repository/Transaction/General/label_shopping_cart_badge' is visible

2024-07-25 07:50:50 - [TEST_STEP][PASSED] - takeFullPageScreenshot(): Taking screenshot successfully

2024-07-25 07:50:51 - [MESSAGE][INFO] - 0 hidden object(s)

2024-07-25 07:50:51 - [MESSAGE][PASSED] - Taking screenshot successfully
[[ATTACHMENT|C:\\Users\\lenovo\\git\\sauce-demo-katalon\\Reports\\20240725_074828\\Transaction\\TS - Transaction\\20240725_074828\\1721868650421.png]]

2024-07-25 07:50:51 - [MESSAGE][PASSED] - Call Test Case 'Test Cases/Transaction/T02 - Pick Product From Homepage' successfully

2024-07-25 07:50:51 - [TEST_STEP][PASSED] - click(findTestObject("Transaction/General/icon_shopping_cart")): Object: 'Object Repository/Transaction/General/icon_shopping_cart' is clicked on

2024-07-25 07:50:51 - [MESSAGE][PASSED] - Object: 'Object Repository/Transaction/General/icon_shopping_cart' is clicked on

2024-07-25 07:50:51 - [TEST_STEP][PASSED] - verifyElementVisible(findTestObject("Transaction/Cart/span_title - Your Cart")): Object 'Object Repository/Transaction/Cart/span_title - Your Cart' is visible

2024-07-25 07:50:52 - [MESSAGE][PASSED] - Object 'Object Repository/Transaction/Cart/span_title - Your Cart' is visible

2024-07-25 07:50:52 - [TEST_STEP][PASSED] - verifyElementVisible(findTestObject("Transaction/Cart/container_cart item")): Object 'Object Repository/Transaction/Cart/container_cart item' is visible

2024-07-25 07:50:52 - [MESSAGE][PASSED] - Object 'Object Repository/Transaction/Cart/container_cart item' is visible

2024-07-25 07:50:52 - [TEST_STEP][PASSED] - takeFullPageScreenshot(): Taking screenshot successfully

2024-07-25 07:50:52 - [MESSAGE][INFO] - 0 hidden object(s)

2024-07-25 07:50:53 - [MESSAGE][PASSED] - Taking screenshot successfully
[[ATTACHMENT|C:\\Users\\lenovo\\git\\sauce-demo-katalon\\Reports\\20240725_074828\\Transaction\\TS - Transaction\\20240725_074828\\1721868652574.png]]

2024-07-25 07:50:53 - [TEST_STEP][PASSED] - click(findTestObject("Transaction/Cart/button_Checkout")): Object: 'Object Repository/Transaction/Cart/button_Checkout' is clicked on

2024-07-25 07:50:53 - [MESSAGE][PASSED] - Object: 'Object Repository/Transaction/Cart/button_Checkout' is clicked on

2024-07-25 07:50:53 - [TEST_STEP][PASSED] - verifyElementVisible(findTestObject("Transaction/Checkout - Information/span_title - Checkout Your Information")): Object 'Object Repository/Transaction/Checkout - Information/span_title - Checkout Your Information' is visible

2024-07-25 07:50:53 - [MESSAGE][PASSED] - Object 'Object Repository/Transaction/Checkout - Information/span_title - Checkout Your Information' is visible

2024-07-25 07:50:53 - [MESSAGE][PASSED] - Call Test Case 'Test Cases/Transaction/T03 - Cart Page - Checkout' successfully

2024-07-25 07:50:53 - [TEST_STEP][PASSED] - verifyElementVisible(findTestObject("Transaction/Checkout - Information/span_title - Checkout Your Information")): Object 'Object Repository/Transaction/Checkout - Information/span_title - Checkout Your Information' is visible

2024-07-25 07:50:54 - [MESSAGE][PASSED] - Object 'Object Repository/Transaction/Checkout - Information/span_title - Checkout Your Information' is visible

2024-07-25 07:50:54 - [TEST_STEP][PASSED] - setText(findTestObject("Transaction/Checkout - Information/input_Checkout Your Information_firstName"), first_name): Text 'Ruth' is set on object 'Object Repository/Transaction/Checkout - Information/input_Checkout Your Information_firstName'

2024-07-25 07:50:55 - [MESSAGE][PASSED] - Text 'Ruth' is set on object 'Object Repository/Transaction/Checkout - Information/input_Checkout Your Information_firstName'

2024-07-25 07:50:55 - [TEST_STEP][PASSED] - setText(findTestObject("Transaction/Checkout - Information/input_Checkout Your Information_lastName"), last_name): Text '' is set on object 'Object Repository/Transaction/Checkout - Information/input_Checkout Your Information_lastName'

2024-07-25 07:50:57 - [MESSAGE][PASSED] - Text '' is set on object 'Object Repository/Transaction/Checkout - Information/input_Checkout Your Information_lastName'

2024-07-25 07:50:57 - [TEST_STEP][PASSED] - setText(findTestObject("Transaction/Checkout - Information/input_Checkout Your Information_postalCode"), postal_code): Text '63411' is set on object 'Object Repository/Transaction/Checkout - Information/input_Checkout Your Information_postalCode'

2024-07-25 07:50:58 - [MESSAGE][PASSED] - Text '63411' is set on object 'Object Repository/Transaction/Checkout - Information/input_Checkout Your Information_postalCode'

2024-07-25 07:50:58 - [TEST_STEP][PASSED] - click(findTestObject("Transaction/Checkout - Information/button_Continue")): Object: 'Object Repository/Transaction/Checkout - Information/button_Continue' is clicked on

2024-07-25 07:50:59 - [MESSAGE][PASSED] - Object: 'Object Repository/Transaction/Checkout - Information/button_Continue' is clicked on

2024-07-25 07:50:59 - [TEST_STEP][PASSED] - verifyElementVisible(findTestObject("Transaction/Checkout - Information/error-message_Error Last Name is required")): Object 'Object Repository/Transaction/Checkout - Information/error-message_Error Last Name is required' is visible

2024-07-25 07:50:59 - [MESSAGE][PASSED] - Object 'Object Repository/Transaction/Checkout - Information/error-message_Error Last Name is required' is visible

2024-07-25 07:50:59 - [TEST_STEP][PASSED] - takeScreenshot(): Taking screenshot successfully

2024-07-25 07:51:00 - [MESSAGE][PASSED] - Taking screenshot successfully
[[ATTACHMENT|C:\\Users\\lenovo\\git\\sauce-demo-katalon\\Reports\\20240725_074828\\Transaction\\TS - Transaction\\20240725_074828\\1721868659910.png]]]]></system-out>
         <system-err><![CDATA[]]></system-err>
      </testcase>
      <testcase name="Test Cases/Transaction/T10 - Information Page - Postal Code Null" time="20.692" classname="Test Cases/Transaction/T10 - Information Page - Postal Code Null" status="PASSED">
         <system-out><![CDATA[2024-07-25 07:51:00 - [TEST_CASE][PASSED] - Test Cases/Transaction/T10 - Information Page - Postal Code Null: Test Cases/Transaction/T10 - Information Page - Postal Code Null

2024-07-25 07:51:00 - [TEST_STEP][PASSED] - callTestCase(findTestCase("Transaction/T03 - Cart Page - Checkout"), [:], STOP_ON_FAILURE): Call Test Case 'Test Cases/Transaction/T03 - Cart Page - Checkout' successfully

2024-07-25 07:51:00 - [TEST_CASE][PASSED] - Test Cases/Transaction/T03 - Cart Page - Checkout: Test Cases/Transaction/T03 - Cart Page - Checkout

2024-07-25 07:51:00 - [TEST_STEP][PASSED] - callTestCase(findTestCase("Transaction/T02 - Pick Product From Homepage"), ["product_name":"Sauce Labs Bike Light", "product_id":"sauce-labs-bike-light", "detail_product_page":"0"], STOP_ON_FAILURE): Call Test Case 'Test Cases/Transaction/T02 - Pick Product From Homepage' successfully

2024-07-25 07:51:00 - [TEST_CASE][PASSED] - Test Cases/Transaction/T02 - Pick Product From Homepage: Test Cases/Transaction/T02 - Pick Product From Homepage

2024-07-25 07:51:00 - [TEST_STEP][PASSED] - callTestCase(findTestCase("Login/L01 - Login Success"), ["username":"standard_user", "password":"secret_sauce"], STOP_ON_FAILURE): Call Test Case 'Test Cases/Login/L01 - Login Success' successfully

2024-07-25 07:51:00 - [TEST_CASE][PASSED] - Test Cases/Login/L01 - Login Success: Test Cases/Login/L01 - Login Success

2024-07-25 07:51:00 - [TEST_STEP][PASSED] - openBrowser(""): Browser is opened with url: ''

2024-07-25 07:51:00 - [MESSAGE][WARNING] - A browser is already opened. Closing browser and opening a new one

2024-07-25 07:51:01 - [MESSAGE][INFO] - Starting 'Chrome' driver

2024-07-25 07:51:01 - [MESSAGE][INFO] - Action delay is set to 0 milliseconds

2024-07-25 07:51:02 - [MESSAGE][PASSED] - Browser is opened with url: ''

2024-07-25 07:51:02 - [TEST_STEP][PASSED] - navigateToUrl("https://www.saucedemo.com/"): Navigate to 'https://www.saucedemo.com/' successfully

2024-07-25 07:51:02 - [MESSAGE][PASSED] - Navigate to 'https://www.saucedemo.com/' successfully

2024-07-25 07:51:02 - [TEST_STEP][PASSED] - maximizeWindow(): Current window maximized

2024-07-25 07:51:02 - [MESSAGE][PASSED] - Current window maximized

2024-07-25 07:51:02 - [TEST_STEP][PASSED] - setText(findTestObject("Object Repository/Login-Page/input_username"), username): Text 'standard_user' is set on object 'Object Repository/Login-Page/input_username'

2024-07-25 07:51:05 - [MESSAGE][PASSED] - Text 'standard_user' is set on object 'Object Repository/Login-Page/input_username'

2024-07-25 07:51:05 - [TEST_STEP][PASSED] - setText(findTestObject("Object Repository/Login-Page/input_password"), password): Text 'secret_sauce' is set on object 'Object Repository/Login-Page/input_password'

2024-07-25 07:51:06 - [MESSAGE][PASSED] - Text 'secret_sauce' is set on object 'Object Repository/Login-Page/input_password'

2024-07-25 07:51:06 - [TEST_STEP][PASSED] - click(findTestObject("Object Repository/Login-Page/login-button")): Object: 'Object Repository/Login-Page/login-button' is clicked on

2024-07-25 07:51:07 - [MESSAGE][PASSED] - Object: 'Object Repository/Login-Page/login-button' is clicked on

2024-07-25 07:51:07 - [TEST_STEP][PASSED] - verifyElementVisible(findTestObject("Login-Page/header_logo")): Object 'Object Repository/Login-Page/header_logo' is visible

2024-07-25 07:51:07 - [MESSAGE][PASSED] - Object 'Object Repository/Login-Page/header_logo' is visible

2024-07-25 07:51:07 - [TEST_STEP][PASSED] - takeFullPageScreenshot(): Taking screenshot successfully

2024-07-25 07:51:08 - [MESSAGE][INFO] - 0 hidden object(s)

2024-07-25 07:51:08 - [MESSAGE][PASSED] - Taking screenshot successfully
[[ATTACHMENT|C:\\Users\\lenovo\\git\\sauce-demo-katalon\\Reports\\20240725_074828\\Transaction\\TS - Transaction\\20240725_074828\\1721868667547.png]]

2024-07-25 07:51:08 - [MESSAGE][PASSED] - Call Test Case 'Test Cases/Login/L01 - Login Success' successfully

2024-07-25 07:51:08 - [TEST_STEP][PASSED] - verifyElementVisible(findTestObject("Transaction/Inventory-page/product_name", ["product_name":product_name])): Object 'Object Repository/Transaction/Inventory-page/product_name' is visible

2024-07-25 07:51:09 - [MESSAGE][PASSED] - Object 'Object Repository/Transaction/Inventory-page/product_name' is visible

2024-07-25 07:51:09 - [TEST_STEP][PASSED] - click(findTestObject("Transaction/Inventory-page/button_Add to cart", ["product_id":product_id])): Object: 'Object Repository/Transaction/Inventory-page/button_Add to cart' is clicked on

2024-07-25 07:51:09 - [MESSAGE][PASSED] - Object: 'Object Repository/Transaction/Inventory-page/button_Add to cart' is clicked on

2024-07-25 07:51:09 - [TEST_STEP][PASSED] - verifyElementVisible(findTestObject("Transaction/General/label_shopping_cart_badge")): Object 'Object Repository/Transaction/General/label_shopping_cart_badge' is visible

2024-07-25 07:51:10 - [MESSAGE][PASSED] - Object 'Object Repository/Transaction/General/label_shopping_cart_badge' is visible

2024-07-25 07:51:10 - [TEST_STEP][PASSED] - takeFullPageScreenshot(): Taking screenshot successfully

2024-07-25 07:51:11 - [MESSAGE][INFO] - 0 hidden object(s)

2024-07-25 07:51:11 - [MESSAGE][PASSED] - Taking screenshot successfully
[[ATTACHMENT|C:\\Users\\lenovo\\git\\sauce-demo-katalon\\Reports\\20240725_074828\\Transaction\\TS - Transaction\\20240725_074828\\1721868670321.png]]

2024-07-25 07:51:11 - [MESSAGE][PASSED] - Call Test Case 'Test Cases/Transaction/T02 - Pick Product From Homepage' successfully

2024-07-25 07:51:11 - [TEST_STEP][PASSED] - click(findTestObject("Transaction/General/icon_shopping_cart")): Object: 'Object Repository/Transaction/General/icon_shopping_cart' is clicked on

2024-07-25 07:51:12 - [MESSAGE][PASSED] - Object: 'Object Repository/Transaction/General/icon_shopping_cart' is clicked on

2024-07-25 07:51:12 - [TEST_STEP][PASSED] - verifyElementVisible(findTestObject("Transaction/Cart/span_title - Your Cart")): Object 'Object Repository/Transaction/Cart/span_title - Your Cart' is visible

2024-07-25 07:51:12 - [MESSAGE][PASSED] - Object 'Object Repository/Transaction/Cart/span_title - Your Cart' is visible

2024-07-25 07:51:12 - [TEST_STEP][PASSED] - verifyElementVisible(findTestObject("Transaction/Cart/container_cart item")): Object 'Object Repository/Transaction/Cart/container_cart item' is visible

2024-07-25 07:51:12 - [MESSAGE][PASSED] - Object 'Object Repository/Transaction/Cart/container_cart item' is visible

2024-07-25 07:51:12 - [TEST_STEP][PASSED] - takeFullPageScreenshot(): Taking screenshot successfully

2024-07-25 07:51:13 - [MESSAGE][INFO] - 0 hidden object(s)

2024-07-25 07:51:13 - [MESSAGE][PASSED] - Taking screenshot successfully
[[ATTACHMENT|C:\\Users\\lenovo\\git\\sauce-demo-katalon\\Reports\\20240725_074828\\Transaction\\TS - Transaction\\20240725_074828\\1721868672961.png]]

2024-07-25 07:51:13 - [TEST_STEP][PASSED] - click(findTestObject("Transaction/Cart/button_Checkout")): Object: 'Object Repository/Transaction/Cart/button_Checkout' is clicked on

2024-07-25 07:51:14 - [MESSAGE][PASSED] - Object: 'Object Repository/Transaction/Cart/button_Checkout' is clicked on

2024-07-25 07:51:14 - [TEST_STEP][PASSED] - verifyElementVisible(findTestObject("Transaction/Checkout - Information/span_title - Checkout Your Information")): Object 'Object Repository/Transaction/Checkout - Information/span_title - Checkout Your Information' is visible

2024-07-25 07:51:16 - [MESSAGE][PASSED] - Object 'Object Repository/Transaction/Checkout - Information/span_title - Checkout Your Information' is visible

2024-07-25 07:51:16 - [MESSAGE][PASSED] - Call Test Case 'Test Cases/Transaction/T03 - Cart Page - Checkout' successfully

2024-07-25 07:51:16 - [TEST_STEP][PASSED] - verifyElementVisible(findTestObject("Transaction/Checkout - Information/span_title - Checkout Your Information")): Object 'Object Repository/Transaction/Checkout - Information/span_title - Checkout Your Information' is visible

2024-07-25 07:51:16 - [MESSAGE][PASSED] - Object 'Object Repository/Transaction/Checkout - Information/span_title - Checkout Your Information' is visible

2024-07-25 07:51:16 - [TEST_STEP][PASSED] - setText(findTestObject("Transaction/Checkout - Information/input_Checkout Your Information_firstName"), first_name): Text 'Ruth' is set on object 'Object Repository/Transaction/Checkout - Information/input_Checkout Your Information_firstName'

2024-07-25 07:51:17 - [MESSAGE][PASSED] - Text 'Ruth' is set on object 'Object Repository/Transaction/Checkout - Information/input_Checkout Your Information_firstName'

2024-07-25 07:51:17 - [TEST_STEP][PASSED] - setText(findTestObject("Transaction/Checkout - Information/input_Checkout Your Information_lastName"), last_name): Text 'Silalahi' is set on object 'Object Repository/Transaction/Checkout - Information/input_Checkout Your Information_lastName'

2024-07-25 07:51:18 - [MESSAGE][PASSED] - Text 'Silalahi' is set on object 'Object Repository/Transaction/Checkout - Information/input_Checkout Your Information_lastName'

2024-07-25 07:51:18 - [TEST_STEP][PASSED] - setText(findTestObject("Transaction/Checkout - Information/input_Checkout Your Information_postalCode"), postal_code): Text '' is set on object 'Object Repository/Transaction/Checkout - Information/input_Checkout Your Information_postalCode'

2024-07-25 07:51:19 - [MESSAGE][PASSED] - Text '' is set on object 'Object Repository/Transaction/Checkout - Information/input_Checkout Your Information_postalCode'

2024-07-25 07:51:19 - [TEST_STEP][PASSED] - click(findTestObject("Transaction/Checkout - Information/button_Continue")): Object: 'Object Repository/Transaction/Checkout - Information/button_Continue' is clicked on

2024-07-25 07:51:19 - [MESSAGE][PASSED] - Object: 'Object Repository/Transaction/Checkout - Information/button_Continue' is clicked on

2024-07-25 07:51:19 - [TEST_STEP][PASSED] - verifyElementVisible(findTestObject("Transaction/Checkout - Information/error-message_Error Postal Code is required")): Object 'Object Repository/Transaction/Checkout - Information/error-message_Error Postal Code is required' is visible

2024-07-25 07:51:20 - [MESSAGE][PASSED] - Object 'Object Repository/Transaction/Checkout - Information/error-message_Error Postal Code is required' is visible

2024-07-25 07:51:20 - [TEST_STEP][PASSED] - takeScreenshot(): Taking screenshot successfully

2024-07-25 07:51:20 - [MESSAGE][PASSED] - Taking screenshot successfully
[[ATTACHMENT|C:\\Users\\lenovo\\git\\sauce-demo-katalon\\Reports\\20240725_074828\\Transaction\\TS - Transaction\\20240725_074828\\1721868680651.png]]]]></system-out>
         <system-err><![CDATA[]]></system-err>
      </testcase>
      <testcase name="Test Cases/Transaction/T11 - Information Page - Error X button" time="21.284" classname="Test Cases/Transaction/T11 - Information Page - Error X button" status="PASSED">
         <system-out><![CDATA[2024-07-25 07:51:20 - [TEST_CASE][PASSED] - Test Cases/Transaction/T11 - Information Page - Error X button: Test Cases/Transaction/T11 - Information Page - Error X button

2024-07-25 07:51:21 - [TEST_STEP][PASSED] - callTestCase(findTestCase("Transaction/T03 - Cart Page - Checkout"), [:], STOP_ON_FAILURE): Call Test Case 'Test Cases/Transaction/T03 - Cart Page - Checkout' successfully

2024-07-25 07:51:21 - [TEST_CASE][PASSED] - Test Cases/Transaction/T03 - Cart Page - Checkout: Test Cases/Transaction/T03 - Cart Page - Checkout

2024-07-25 07:51:21 - [TEST_STEP][PASSED] - callTestCase(findTestCase("Transaction/T02 - Pick Product From Homepage"), ["product_name":"Sauce Labs Bike Light", "product_id":"sauce-labs-bike-light", "detail_product_page":"0"], STOP_ON_FAILURE): Call Test Case 'Test Cases/Transaction/T02 - Pick Product From Homepage' successfully

2024-07-25 07:51:21 - [TEST_CASE][PASSED] - Test Cases/Transaction/T02 - Pick Product From Homepage: Test Cases/Transaction/T02 - Pick Product From Homepage

2024-07-25 07:51:21 - [TEST_STEP][PASSED] - callTestCase(findTestCase("Login/L01 - Login Success"), ["username":"standard_user", "password":"secret_sauce"], STOP_ON_FAILURE): Call Test Case 'Test Cases/Login/L01 - Login Success' successfully

2024-07-25 07:51:21 - [TEST_CASE][PASSED] - Test Cases/Login/L01 - Login Success: Test Cases/Login/L01 - Login Success

2024-07-25 07:51:21 - [TEST_STEP][PASSED] - openBrowser(""): Browser is opened with url: ''

2024-07-25 07:51:21 - [MESSAGE][WARNING] - A browser is already opened. Closing browser and opening a new one

2024-07-25 07:51:22 - [MESSAGE][INFO] - Starting 'Chrome' driver

2024-07-25 07:51:22 - [MESSAGE][INFO] - Action delay is set to 0 milliseconds

2024-07-25 07:51:23 - [MESSAGE][PASSED] - Browser is opened with url: ''

2024-07-25 07:51:23 - [TEST_STEP][PASSED] - navigateToUrl("https://www.saucedemo.com/"): Navigate to 'https://www.saucedemo.com/' successfully

2024-07-25 07:51:24 - [MESSAGE][PASSED] - Navigate to 'https://www.saucedemo.com/' successfully

2024-07-25 07:51:24 - [TEST_STEP][PASSED] - maximizeWindow(): Current window maximized

2024-07-25 07:51:24 - [MESSAGE][PASSED] - Current window maximized

2024-07-25 07:51:24 - [TEST_STEP][PASSED] - setText(findTestObject("Object Repository/Login-Page/input_username"), username): Text 'standard_user' is set on object 'Object Repository/Login-Page/input_username'

2024-07-25 07:51:27 - [MESSAGE][PASSED] - Text 'standard_user' is set on object 'Object Repository/Login-Page/input_username'

2024-07-25 07:51:27 - [TEST_STEP][PASSED] - setText(findTestObject("Object Repository/Login-Page/input_password"), password): Text 'secret_sauce' is set on object 'Object Repository/Login-Page/input_password'

2024-07-25 07:51:28 - [MESSAGE][PASSED] - Text 'secret_sauce' is set on object 'Object Repository/Login-Page/input_password'

2024-07-25 07:51:28 - [TEST_STEP][PASSED] - click(findTestObject("Object Repository/Login-Page/login-button")): Object: 'Object Repository/Login-Page/login-button' is clicked on

2024-07-25 07:51:28 - [MESSAGE][PASSED] - Object: 'Object Repository/Login-Page/login-button' is clicked on

2024-07-25 07:51:28 - [TEST_STEP][PASSED] - verifyElementVisible(findTestObject("Login-Page/header_logo")): Object 'Object Repository/Login-Page/header_logo' is visible

2024-07-25 07:51:29 - [MESSAGE][PASSED] - Object 'Object Repository/Login-Page/header_logo' is visible

2024-07-25 07:51:29 - [TEST_STEP][PASSED] - takeFullPageScreenshot(): Taking screenshot successfully

2024-07-25 07:51:30 - [MESSAGE][INFO] - 0 hidden object(s)

2024-07-25 07:51:30 - [MESSAGE][PASSED] - Taking screenshot successfully
[[ATTACHMENT|C:\\Users\\lenovo\\git\\sauce-demo-katalon\\Reports\\20240725_074828\\Transaction\\TS - Transaction\\20240725_074828\\1721868689363.png]]

2024-07-25 07:51:30 - [MESSAGE][PASSED] - Call Test Case 'Test Cases/Login/L01 - Login Success' successfully

2024-07-25 07:51:30 - [TEST_STEP][PASSED] - verifyElementVisible(findTestObject("Transaction/Inventory-page/product_name", ["product_name":product_name])): Object 'Object Repository/Transaction/Inventory-page/product_name' is visible

2024-07-25 07:51:31 - [MESSAGE][PASSED] - Object 'Object Repository/Transaction/Inventory-page/product_name' is visible

2024-07-25 07:51:31 - [TEST_STEP][PASSED] - click(findTestObject("Transaction/Inventory-page/button_Add to cart", ["product_id":product_id])): Object: 'Object Repository/Transaction/Inventory-page/button_Add to cart' is clicked on

2024-07-25 07:51:31 - [MESSAGE][PASSED] - Object: 'Object Repository/Transaction/Inventory-page/button_Add to cart' is clicked on

2024-07-25 07:51:31 - [TEST_STEP][PASSED] - verifyElementVisible(findTestObject("Transaction/General/label_shopping_cart_badge")): Object 'Object Repository/Transaction/General/label_shopping_cart_badge' is visible

2024-07-25 07:51:32 - [MESSAGE][PASSED] - Object 'Object Repository/Transaction/General/label_shopping_cart_badge' is visible

2024-07-25 07:51:32 - [TEST_STEP][PASSED] - takeFullPageScreenshot(): Taking screenshot successfully

2024-07-25 07:51:32 - [MESSAGE][INFO] - 0 hidden object(s)

2024-07-25 07:51:33 - [MESSAGE][PASSED] - Taking screenshot successfully
[[ATTACHMENT|C:\\Users\\lenovo\\git\\sauce-demo-katalon\\Reports\\20240725_074828\\Transaction\\TS - Transaction\\20240725_074828\\1721868692216.png]]

2024-07-25 07:51:33 - [MESSAGE][PASSED] - Call Test Case 'Test Cases/Transaction/T02 - Pick Product From Homepage' successfully

2024-07-25 07:51:33 - [TEST_STEP][PASSED] - click(findTestObject("Transaction/General/icon_shopping_cart")): Object: 'Object Repository/Transaction/General/icon_shopping_cart' is clicked on

2024-07-25 07:51:33 - [MESSAGE][PASSED] - Object: 'Object Repository/Transaction/General/icon_shopping_cart' is clicked on

2024-07-25 07:51:33 - [TEST_STEP][PASSED] - verifyElementVisible(findTestObject("Transaction/Cart/span_title - Your Cart")): Object 'Object Repository/Transaction/Cart/span_title - Your Cart' is visible

2024-07-25 07:51:34 - [MESSAGE][PASSED] - Object 'Object Repository/Transaction/Cart/span_title - Your Cart' is visible

2024-07-25 07:51:34 - [TEST_STEP][PASSED] - verifyElementVisible(findTestObject("Transaction/Cart/container_cart item")): Object 'Object Repository/Transaction/Cart/container_cart item' is visible

2024-07-25 07:51:34 - [MESSAGE][PASSED] - Object 'Object Repository/Transaction/Cart/container_cart item' is visible

2024-07-25 07:51:34 - [TEST_STEP][PASSED] - takeFullPageScreenshot(): Taking screenshot successfully

2024-07-25 07:51:35 - [MESSAGE][INFO] - 0 hidden object(s)

2024-07-25 07:51:35 - [MESSAGE][PASSED] - Taking screenshot successfully
[[ATTACHMENT|C:\\Users\\lenovo\\git\\sauce-demo-katalon\\Reports\\20240725_074828\\Transaction\\TS - Transaction\\20240725_074828\\1721868694859.png]]

2024-07-25 07:51:35 - [TEST_STEP][PASSED] - click(findTestObject("Transaction/Cart/button_Checkout")): Object: 'Object Repository/Transaction/Cart/button_Checkout' is clicked on

2024-07-25 07:51:35 - [MESSAGE][PASSED] - Object: 'Object Repository/Transaction/Cart/button_Checkout' is clicked on

2024-07-25 07:51:35 - [TEST_STEP][PASSED] - verifyElementVisible(findTestObject("Transaction/Checkout - Information/span_title - Checkout Your Information")): Object 'Object Repository/Transaction/Checkout - Information/span_title - Checkout Your Information' is visible

2024-07-25 07:51:39 - [MESSAGE][PASSED] - Object 'Object Repository/Transaction/Checkout - Information/span_title - Checkout Your Information' is visible

2024-07-25 07:51:39 - [MESSAGE][PASSED] - Call Test Case 'Test Cases/Transaction/T03 - Cart Page - Checkout' successfully

2024-07-25 07:51:39 - [TEST_STEP][PASSED] - verifyElementVisible(findTestObject("Transaction/Checkout - Information/span_title - Checkout Your Information")): Object 'Object Repository/Transaction/Checkout - Information/span_title - Checkout Your Information' is visible

2024-07-25 07:51:39 - [MESSAGE][PASSED] - Object 'Object Repository/Transaction/Checkout - Information/span_title - Checkout Your Information' is visible

2024-07-25 07:51:39 - [TEST_STEP][PASSED] - click(findTestObject("Transaction/Checkout - Information/button_Continue")): Object: 'Object Repository/Transaction/Checkout - Information/button_Continue' is clicked on

2024-07-25 07:51:40 - [MESSAGE][PASSED] - Object: 'Object Repository/Transaction/Checkout - Information/button_Continue' is clicked on

2024-07-25 07:51:40 - [TEST_STEP][PASSED] - verifyElementVisible(findTestObject("Transaction/Checkout - Information/input_Checkout Your Information_firstName")): Object 'Object Repository/Transaction/Checkout - Information/input_Checkout Your Information_firstName' is visible

2024-07-25 07:51:40 - [MESSAGE][PASSED] - Object 'Object Repository/Transaction/Checkout - Information/input_Checkout Your Information_firstName' is visible

2024-07-25 07:51:40 - [TEST_STEP][PASSED] - takeScreenshot(): Taking screenshot successfully

2024-07-25 07:51:41 - [MESSAGE][PASSED] - Taking screenshot successfully
[[ATTACHMENT|C:\\Users\\lenovo\\git\\sauce-demo-katalon\\Reports\\20240725_074828\\Transaction\\TS - Transaction\\20240725_074828\\1721868701061.png]]

2024-07-25 07:51:41 - [TEST_STEP][PASSED] - click(findTestObject("Transaction/Checkout - Information/icon_x_button_error")): Object: 'Object Repository/Transaction/Checkout - Information/icon_x_button_error' is clicked on

2024-07-25 07:51:41 - [MESSAGE][PASSED] - Object: 'Object Repository/Transaction/Checkout - Information/icon_x_button_error' is clicked on

2024-07-25 07:51:41 - [TEST_STEP][PASSED] - takeScreenshot(): Taking screenshot successfully

2024-07-25 07:51:42 - [MESSAGE][PASSED] - Taking screenshot successfully
[[ATTACHMENT|C:\\Users\\lenovo\\git\\sauce-demo-katalon\\Reports\\20240725_074828\\Transaction\\TS - Transaction\\20240725_074828\\1721868701986.png]]]]></system-out>
         <system-err><![CDATA[]]></system-err>
      </testcase>
      <testcase name="Test Cases/Transaction/T12 - Overview Page - Finish" time="24.383" classname="Test Cases/Transaction/T12 - Overview Page - Finish" status="PASSED">
         <system-out><![CDATA[2024-07-25 07:51:42 - [TEST_CASE][PASSED] - Test Cases/Transaction/T12 - Overview Page - Finish: Test Cases/Transaction/T12 - Overview Page - Finish

2024-07-25 07:51:42 - [TEST_STEP][PASSED] - callTestCase(findTestCase("Transaction/T07 - Information Page - Fill Form - Continue"), ["first_name":"Ruth", "last_name":"Silalahi", "postal_code":"63411"], STOP_ON_FAILURE): Call Test Case 'Test Cases/Transaction/T07 - Information Page - Fill Form - Continue' successfully

2024-07-25 07:51:42 - [TEST_CASE][PASSED] - Test Cases/Transaction/T07 - Information Page - Fill Form - Continue: Test Cases/Transaction/T07 - Information Page - Fill Form - Continue

2024-07-25 07:51:42 - [TEST_STEP][PASSED] - callTestCase(findTestCase("Transaction/T03 - Cart Page - Checkout"), [:], STOP_ON_FAILURE): Call Test Case 'Test Cases/Transaction/T03 - Cart Page - Checkout' successfully

2024-07-25 07:51:42 - [TEST_CASE][PASSED] - Test Cases/Transaction/T03 - Cart Page - Checkout: Test Cases/Transaction/T03 - Cart Page - Checkout

2024-07-25 07:51:42 - [TEST_STEP][PASSED] - callTestCase(findTestCase("Transaction/T02 - Pick Product From Homepage"), ["product_name":"Sauce Labs Bike Light", "product_id":"sauce-labs-bike-light", "detail_product_page":"0"], STOP_ON_FAILURE): Call Test Case 'Test Cases/Transaction/T02 - Pick Product From Homepage' successfully

2024-07-25 07:51:42 - [TEST_CASE][PASSED] - Test Cases/Transaction/T02 - Pick Product From Homepage: Test Cases/Transaction/T02 - Pick Product From Homepage

2024-07-25 07:51:42 - [TEST_STEP][PASSED] - callTestCase(findTestCase("Login/L01 - Login Success"), ["username":"standard_user", "password":"secret_sauce"], STOP_ON_FAILURE): Call Test Case 'Test Cases/Login/L01 - Login Success' successfully

2024-07-25 07:51:42 - [TEST_CASE][PASSED] - Test Cases/Login/L01 - Login Success: Test Cases/Login/L01 - Login Success

2024-07-25 07:51:42 - [TEST_STEP][PASSED] - openBrowser(""): Browser is opened with url: ''

2024-07-25 07:51:42 - [MESSAGE][WARNING] - A browser is already opened. Closing browser and opening a new one

2024-07-25 07:51:43 - [MESSAGE][INFO] - Starting 'Chrome' driver

2024-07-25 07:51:43 - [MESSAGE][INFO] - Action delay is set to 0 milliseconds

2024-07-25 07:51:44 - [MESSAGE][PASSED] - Browser is opened with url: ''

2024-07-25 07:51:44 - [TEST_STEP][PASSED] - navigateToUrl("https://www.saucedemo.com/"): Navigate to 'https://www.saucedemo.com/' successfully

2024-07-25 07:51:45 - [MESSAGE][PASSED] - Navigate to 'https://www.saucedemo.com/' successfully

2024-07-25 07:51:45 - [TEST_STEP][PASSED] - maximizeWindow(): Current window maximized

2024-07-25 07:51:45 - [MESSAGE][PASSED] - Current window maximized

2024-07-25 07:51:45 - [TEST_STEP][PASSED] - setText(findTestObject("Object Repository/Login-Page/input_username"), username): Text 'standard_user' is set on object 'Object Repository/Login-Page/input_username'

2024-07-25 07:51:48 - [MESSAGE][PASSED] - Text 'standard_user' is set on object 'Object Repository/Login-Page/input_username'

2024-07-25 07:51:48 - [TEST_STEP][PASSED] - setText(findTestObject("Object Repository/Login-Page/input_password"), password): Text 'secret_sauce' is set on object 'Object Repository/Login-Page/input_password'

2024-07-25 07:51:49 - [MESSAGE][PASSED] - Text 'secret_sauce' is set on object 'Object Repository/Login-Page/input_password'

2024-07-25 07:51:49 - [TEST_STEP][PASSED] - click(findTestObject("Object Repository/Login-Page/login-button")): Object: 'Object Repository/Login-Page/login-button' is clicked on

2024-07-25 07:51:49 - [MESSAGE][PASSED] - Object: 'Object Repository/Login-Page/login-button' is clicked on

2024-07-25 07:51:49 - [TEST_STEP][PASSED] - verifyElementVisible(findTestObject("Login-Page/header_logo")): Object 'Object Repository/Login-Page/header_logo' is visible

2024-07-25 07:51:50 - [MESSAGE][PASSED] - Object 'Object Repository/Login-Page/header_logo' is visible

2024-07-25 07:51:50 - [TEST_STEP][PASSED] - takeFullPageScreenshot(): Taking screenshot successfully

2024-07-25 07:51:50 - [MESSAGE][INFO] - 0 hidden object(s)

2024-07-25 07:51:51 - [MESSAGE][PASSED] - Taking screenshot successfully
[[ATTACHMENT|C:\\Users\\lenovo\\git\\sauce-demo-katalon\\Reports\\20240725_074828\\Transaction\\TS - Transaction\\20240725_074828\\1721868710011.png]]

2024-07-25 07:51:51 - [MESSAGE][PASSED] - Call Test Case 'Test Cases/Login/L01 - Login Success' successfully

2024-07-25 07:51:51 - [TEST_STEP][PASSED] - verifyElementVisible(findTestObject("Transaction/Inventory-page/product_name", ["product_name":product_name])): Object 'Object Repository/Transaction/Inventory-page/product_name' is visible

2024-07-25 07:51:51 - [MESSAGE][PASSED] - Object 'Object Repository/Transaction/Inventory-page/product_name' is visible

2024-07-25 07:51:51 - [TEST_STEP][PASSED] - click(findTestObject("Transaction/Inventory-page/button_Add to cart", ["product_id":product_id])): Object: 'Object Repository/Transaction/Inventory-page/button_Add to cart' is clicked on

2024-07-25 07:51:52 - [MESSAGE][PASSED] - Object: 'Object Repository/Transaction/Inventory-page/button_Add to cart' is clicked on

2024-07-25 07:51:52 - [TEST_STEP][PASSED] - verifyElementVisible(findTestObject("Transaction/General/label_shopping_cart_badge")): Object 'Object Repository/Transaction/General/label_shopping_cart_badge' is visible

2024-07-25 07:51:52 - [MESSAGE][PASSED] - Object 'Object Repository/Transaction/General/label_shopping_cart_badge' is visible

2024-07-25 07:51:52 - [TEST_STEP][PASSED] - takeFullPageScreenshot(): Taking screenshot successfully

2024-07-25 07:51:53 - [MESSAGE][INFO] - 0 hidden object(s)

2024-07-25 07:51:54 - [MESSAGE][PASSED] - Taking screenshot successfully
[[ATTACHMENT|C:\\Users\\lenovo\\git\\sauce-demo-katalon\\Reports\\20240725_074828\\Transaction\\TS - Transaction\\20240725_074828\\1721868712777.png]]

2024-07-25 07:51:54 - [MESSAGE][PASSED] - Call Test Case 'Test Cases/Transaction/T02 - Pick Product From Homepage' successfully

2024-07-25 07:51:54 - [TEST_STEP][PASSED] - click(findTestObject("Transaction/General/icon_shopping_cart")): Object: 'Object Repository/Transaction/General/icon_shopping_cart' is clicked on

2024-07-25 07:51:54 - [MESSAGE][PASSED] - Object: 'Object Repository/Transaction/General/icon_shopping_cart' is clicked on

2024-07-25 07:51:54 - [TEST_STEP][PASSED] - verifyElementVisible(findTestObject("Transaction/Cart/span_title - Your Cart")): Object 'Object Repository/Transaction/Cart/span_title - Your Cart' is visible

2024-07-25 07:51:54 - [MESSAGE][PASSED] - Object 'Object Repository/Transaction/Cart/span_title - Your Cart' is visible

2024-07-25 07:51:54 - [TEST_STEP][PASSED] - verifyElementVisible(findTestObject("Transaction/Cart/container_cart item")): Object 'Object Repository/Transaction/Cart/container_cart item' is visible

2024-07-25 07:51:55 - [MESSAGE][PASSED] - Object 'Object Repository/Transaction/Cart/container_cart item' is visible

2024-07-25 07:51:55 - [TEST_STEP][PASSED] - takeFullPageScreenshot(): Taking screenshot successfully

2024-07-25 07:51:55 - [MESSAGE][INFO] - 0 hidden object(s)

2024-07-25 07:51:55 - [MESSAGE][PASSED] - Taking screenshot successfully
[[ATTACHMENT|C:\\Users\\lenovo\\git\\sauce-demo-katalon\\Reports\\20240725_074828\\Transaction\\TS - Transaction\\20240725_074828\\1721868715341.png]]

2024-07-25 07:51:55 - [TEST_STEP][PASSED] - click(findTestObject("Transaction/Cart/button_Checkout")): Object: 'Object Repository/Transaction/Cart/button_Checkout' is clicked on

2024-07-25 07:51:56 - [MESSAGE][PASSED] - Object: 'Object Repository/Transaction/Cart/button_Checkout' is clicked on

2024-07-25 07:51:56 - [TEST_STEP][PASSED] - verifyElementVisible(findTestObject("Transaction/Checkout - Information/span_title - Checkout Your Information")): Object 'Object Repository/Transaction/Checkout - Information/span_title - Checkout Your Information' is visible

2024-07-25 07:51:56 - [MESSAGE][PASSED] - Object 'Object Repository/Transaction/Checkout - Information/span_title - Checkout Your Information' is visible

2024-07-25 07:51:56 - [MESSAGE][PASSED] - Call Test Case 'Test Cases/Transaction/T03 - Cart Page - Checkout' successfully

2024-07-25 07:51:56 - [TEST_STEP][PASSED] - setText(findTestObject("Transaction/Checkout - Information/input_Checkout Your Information_firstName"), first_name): Text 'Ruth' is set on object 'Object Repository/Transaction/Checkout - Information/input_Checkout Your Information_firstName'

2024-07-25 07:51:59 - [MESSAGE][PASSED] - Text 'Ruth' is set on object 'Object Repository/Transaction/Checkout - Information/input_Checkout Your Information_firstName'

2024-07-25 07:51:59 - [TEST_STEP][PASSED] - setText(findTestObject("Transaction/Checkout - Information/input_Checkout Your Information_lastName"), last_name): Text 'Silalahi' is set on object 'Object Repository/Transaction/Checkout - Information/input_Checkout Your Information_lastName'

2024-07-25 07:52:00 - [MESSAGE][PASSED] - Text 'Silalahi' is set on object 'Object Repository/Transaction/Checkout - Information/input_Checkout Your Information_lastName'

2024-07-25 07:52:00 - [TEST_STEP][PASSED] - setText(findTestObject("Transaction/Checkout - Information/input_Checkout Your Information_postalCode"), postal_code): Text '63411' is set on object 'Object Repository/Transaction/Checkout - Information/input_Checkout Your Information_postalCode'

2024-07-25 07:52:01 - [MESSAGE][PASSED] - Text '63411' is set on object 'Object Repository/Transaction/Checkout - Information/input_Checkout Your Information_postalCode'

2024-07-25 07:52:01 - [TEST_STEP][PASSED] - takeScreenshot(): Taking screenshot successfully

2024-07-25 07:52:01 - [MESSAGE][PASSED] - Taking screenshot successfully
[[ATTACHMENT|C:\\Users\\lenovo\\git\\sauce-demo-katalon\\Reports\\20240725_074828\\Transaction\\TS - Transaction\\20240725_074828\\1721868721873.png]]

2024-07-25 07:52:01 - [TEST_STEP][PASSED] - click(findTestObject("Transaction/Checkout - Information/button_Continue")): Object: 'Object Repository/Transaction/Checkout - Information/button_Continue' is clicked on

2024-07-25 07:52:02 - [MESSAGE][PASSED] - Object: 'Object Repository/Transaction/Checkout - Information/button_Continue' is clicked on

2024-07-25 07:52:02 - [TEST_STEP][PASSED] - verifyElementVisible(findTestObject("Transaction/Checkout - Overview/span_Checkout Overview")): Object 'Object Repository/Transaction/Checkout - Overview/span_Checkout Overview' is visible

2024-07-25 07:52:03 - [MESSAGE][PASSED] - Object 'Object Repository/Transaction/Checkout - Overview/span_Checkout Overview' is visible

2024-07-25 07:52:03 - [MESSAGE][PASSED] - Call Test Case 'Test Cases/Transaction/T07 - Information Page - Fill Form - Continue' successfully

2024-07-25 07:52:03 - [TEST_STEP][PASSED] - verifyElementVisible(findTestObject("Transaction/Checkout - Overview/Page_Swag Labs/item_container")): Object 'Object Repository/Transaction/Checkout - Overview/Page_Swag Labs/item_container' is visible

2024-07-25 07:52:03 - [MESSAGE][PASSED] - Object 'Object Repository/Transaction/Checkout - Overview/Page_Swag Labs/item_container' is visible

2024-07-25 07:52:03 - [TEST_STEP][PASSED] - verifyElementVisible(findTestObject("Transaction/Checkout - Overview/label_Price Total")): Object 'Object Repository/Transaction/Checkout - Overview/label_Price Total' is visible

2024-07-25 07:52:03 - [MESSAGE][PASSED] - Object 'Object Repository/Transaction/Checkout - Overview/label_Price Total' is visible

2024-07-25 07:52:03 - [TEST_STEP][PASSED] - takeScreenshot(): Taking screenshot successfully

2024-07-25 07:52:04 - [MESSAGE][PASSED] - Taking screenshot successfully
[[ATTACHMENT|C:\\Users\\lenovo\\git\\sauce-demo-katalon\\Reports\\20240725_074828\\Transaction\\TS - Transaction\\20240725_074828\\1721868724104.png]]

2024-07-25 07:52:04 - [TEST_STEP][PASSED] - click(findTestObject("Transaction/Checkout - Complete/button_Finish")): Object: 'Object Repository/Transaction/Checkout - Complete/button_Finish' is clicked on

2024-07-25 07:52:04 - [MESSAGE][PASSED] - Object: 'Object Repository/Transaction/Checkout - Complete/button_Finish' is clicked on

2024-07-25 07:52:04 - [TEST_STEP][PASSED] - verifyElementVisible(findTestObject("Transaction/Checkout - Complete/span_Checkout Complete")): Object 'Object Repository/Transaction/Checkout - Complete/span_Checkout Complete' is visible

2024-07-25 07:52:05 - [MESSAGE][PASSED] - Object 'Object Repository/Transaction/Checkout - Complete/span_Checkout Complete' is visible

2024-07-25 07:52:05 - [TEST_STEP][PASSED] - verifyElementVisible(findTestObject("Transaction/Checkout - Complete/h2_Thank you for your order")): Object 'Object Repository/Transaction/Checkout - Complete/h2_Thank you for your order' is visible

2024-07-25 07:52:05 - [MESSAGE][PASSED] - Object 'Object Repository/Transaction/Checkout - Complete/h2_Thank you for your order' is visible

2024-07-25 07:52:05 - [TEST_STEP][PASSED] - takeScreenshot(): Taking screenshot successfully

2024-07-25 07:52:06 - [MESSAGE][PASSED] - Taking screenshot successfully
[[ATTACHMENT|C:\\Users\\lenovo\\git\\sauce-demo-katalon\\Reports\\20240725_074828\\Transaction\\TS - Transaction\\20240725_074828\\1721868725891.png]]

2024-07-25 07:52:06 - [TEST_STEP][PASSED] - click(findTestObject("Transaction/Checkout - Complete/button_Back Home")): Object: 'Object Repository/Transaction/Checkout - Complete/button_Back Home' is clicked on

2024-07-25 07:52:06 - [MESSAGE][PASSED] - Object: 'Object Repository/Transaction/Checkout - Complete/button_Back Home' is clicked on]]></system-out>
         <system-err><![CDATA[]]></system-err>
      </testcase>
      <system-out><![CDATA[2024-07-25 07:48:30 - [TEST_SUITE][FAILED] - TS - Transaction: Test Cases/Transaction/T06 - Cart Page - Blank Cart Item FAILED.
Reason:
com.kms.katalon.core.exception.StepFailedException: Unable to verify object 'Object Repository/Transaction/Cart/button_Checkout' to be NOT clickable
	at com.kms.katalon.core.webui.keyword.internal.WebUIKeywordMain.stepFailed(WebUIKeywordMain.groovy:64)
	at com.kms.katalon.core.webui.keyword.internal.WebUIKeywordMain.runKeyword(WebUIKeywordMain.groovy:26)
	at com.kms.katalon.core.webui.keyword.builtin.VerifyElementNotClickableKeyword.verifyElementNotClickable(VerifyElementNotClickableKeyword.groovy:96)
	at com.kms.katalon.core.webui.keyword.builtin.VerifyElementNotClickableKeyword.execute(VerifyElementNotClickableKeyword.groovy:67)
	at com.kms.katalon.core.keyword.internal.KeywordExecutor.executeKeywordForPlatform(KeywordExecutor.groovy:74)
	at com.kms.katalon.core.webui.keyword.WebUiBuiltInKeywords.verifyElementNotClickable(WebUiBuiltInKeywords.groovy:595)
	at com.kms.katalon.core.webui.keyword.WebUiBuiltInKeywords$verifyElementNotClickable$8.call(Unknown Source)
	at T06 - Cart Page - Blank Cart Item.run(T06 - Cart Page - Blank Cart Item:24)
	at com.kms.katalon.core.main.ScriptEngine.run(ScriptEngine.java:194)
	at com.kms.katalon.core.main.ScriptEngine.runScriptAsRawText(ScriptEngine.java:119)
	at com.kms.katalon.core.main.TestCaseExecutor.runScript(TestCaseExecutor.java:448)
	at com.kms.katalon.core.main.TestCaseExecutor.doExecute(TestCaseExecutor.java:439)
	at com.kms.katalon.core.main.TestCaseExecutor.processExecutionPhase(TestCaseExecutor.java:418)
	at com.kms.katalon.core.main.TestCaseExecutor.accessMainPhase(TestCaseExecutor.java:410)
	at com.kms.katalon.core.main.TestCaseExecutor.execute(TestCaseExecutor.java:285)
	at com.kms.katalon.core.common.CommonExecutor.accessTestCaseMainPhase(CommonExecutor.java:65)
	at com.kms.katalon.core.main.TestSuiteExecutor.accessTestSuiteMainPhase(TestSuiteExecutor.java:148)
	at com.kms.katalon.core.main.TestSuiteExecutor.execute(TestSuiteExecutor.java:106)
	at com.kms.katalon.core.main.TestCaseMain.startTestSuite(TestCaseMain.java:187)
	at com.kms.katalon.core.main.TestCaseMain$startTestSuite$0.call(Unknown Source)
	at TempTestSuite1721868508261.run(TempTestSuite1721868508261.groovy:35)
Caused by: com.kms.katalon.core.exception.StepFailedException: Object 'Object Repository/Transaction/Cart/button_Checkout' is clickable
	at com.kms.katalon.core.webui.keyword.internal.WebUIKeywordMain.stepFailed(WebUIKeywordMain.groovy:64)
	at com.kms.katalon.core.webui.keyword.builtin.VerifyElementNotClickableKeyword$_verifyElementNotClickable_closure1.doCall(VerifyElementNotClickableKeyword.groovy:80)
	at com.kms.katalon.core.webui.keyword.builtin.VerifyElementNotClickableKeyword$_verifyElementNotClickable_closure1.call(VerifyElementNotClickableKeyword.groovy)
	at com.kms.katalon.core.webui.keyword.internal.WebUIKeywordMain.runKeyword(WebUIKeywordMain.groovy:20)
	... 19 more]]></system-out>
      <system-err><![CDATA[2024-07-25 07:48:30 - [TEST_SUITE][FAILED] - TS - Transaction: Test Cases/Transaction/T06 - Cart Page - Blank Cart Item FAILED.
Reason:
com.kms.katalon.core.exception.StepFailedException: Unable to verify object 'Object Repository/Transaction/Cart/button_Checkout' to be NOT clickable
	at com.kms.katalon.core.webui.keyword.internal.WebUIKeywordMain.stepFailed(WebUIKeywordMain.groovy:64)
	at com.kms.katalon.core.webui.keyword.internal.WebUIKeywordMain.runKeyword(WebUIKeywordMain.groovy:26)
	at com.kms.katalon.core.webui.keyword.builtin.VerifyElementNotClickableKeyword.verifyElementNotClickable(VerifyElementNotClickableKeyword.groovy:96)
	at com.kms.katalon.core.webui.keyword.builtin.VerifyElementNotClickableKeyword.execute(VerifyElementNotClickableKeyword.groovy:67)
	at com.kms.katalon.core.keyword.internal.KeywordExecutor.executeKeywordForPlatform(KeywordExecutor.groovy:74)
	at com.kms.katalon.core.webui.keyword.WebUiBuiltInKeywords.verifyElementNotClickable(WebUiBuiltInKeywords.groovy:595)
	at com.kms.katalon.core.webui.keyword.WebUiBuiltInKeywords$verifyElementNotClickable$8.call(Unknown Source)
	at T06 - Cart Page - Blank Cart Item.run(T06 - Cart Page - Blank Cart Item:24)
	at com.kms.katalon.core.main.ScriptEngine.run(ScriptEngine.java:194)
	at com.kms.katalon.core.main.ScriptEngine.runScriptAsRawText(ScriptEngine.java:119)
	at com.kms.katalon.core.main.TestCaseExecutor.runScript(TestCaseExecutor.java:448)
	at com.kms.katalon.core.main.TestCaseExecutor.doExecute(TestCaseExecutor.java:439)
	at com.kms.katalon.core.main.TestCaseExecutor.processExecutionPhase(TestCaseExecutor.java:418)
	at com.kms.katalon.core.main.TestCaseExecutor.accessMainPhase(TestCaseExecutor.java:410)
	at com.kms.katalon.core.main.TestCaseExecutor.execute(TestCaseExecutor.java:285)
	at com.kms.katalon.core.common.CommonExecutor.accessTestCaseMainPhase(CommonExecutor.java:65)
	at com.kms.katalon.core.main.TestSuiteExecutor.accessTestSuiteMainPhase(TestSuiteExecutor.java:148)
	at com.kms.katalon.core.main.TestSuiteExecutor.execute(TestSuiteExecutor.java:106)
	at com.kms.katalon.core.main.TestCaseMain.startTestSuite(TestCaseMain.java:187)
	at com.kms.katalon.core.main.TestCaseMain$startTestSuite$0.call(Unknown Source)
	at TempTestSuite1721868508261.run(TempTestSuite1721868508261.groovy:35)
Caused by: com.kms.katalon.core.exception.StepFailedException: Object 'Object Repository/Transaction/Cart/button_Checkout' is clickable
	at com.kms.katalon.core.webui.keyword.internal.WebUIKeywordMain.stepFailed(WebUIKeywordMain.groovy:64)
	at com.kms.katalon.core.webui.keyword.builtin.VerifyElementNotClickableKeyword$_verifyElementNotClickable_closure1.doCall(VerifyElementNotClickableKeyword.groovy:80)
	at com.kms.katalon.core.webui.keyword.builtin.VerifyElementNotClickableKeyword$_verifyElementNotClickable_closure1.call(VerifyElementNotClickableKeyword.groovy)
	at com.kms.katalon.core.webui.keyword.internal.WebUIKeywordMain.runKeyword(WebUIKeywordMain.groovy:20)
	... 19 more]]></system-err>
   </testsuite>
</testsuites>
